2025-12-11 08:40:20.990 [main] INFO  com.example.TalisWebManagementApplication - Starting TalisWebManagementApplication using Java 21.0.8 with PID 16512 (D:\Code\Java_Code\Java_Web02\Talis-web-management\target\classes started by sun in D:\Code\Java_Code\Java_Web02)
2025-12-11 08:40:20.994 [main] INFO  com.example.TalisWebManagementApplication - No active profile set, falling back to 1 default profile: "default"
2025-12-11 08:40:22.711 [main] INFO  o.s.boot.web.embedded.tomcat.TomcatWebServer - Tomcat initialized with port 8080 (http)
2025-12-11 08:40:22.731 [main] INFO  org.apache.coyote.http11.Http11NioProtocol - Initializing ProtocolHandler ["http-nio-8080"]
2025-12-11 08:40:22.733 [main] INFO  org.apache.catalina.core.StandardService - Starting service [Tomcat]
2025-12-11 08:40:22.734 [main] INFO  org.apache.catalina.core.StandardEngine - Starting Servlet engine: [Apache Tomcat/10.1.49]
2025-12-11 08:40:22.829 [main] INFO  o.a.c.core.ContainerBase.[Tomcat].[localhost].[/] - Initializing Spring embedded WebApplicationContext
2025-12-11 08:40:22.830 [main] INFO  o.s.b.w.s.c.ServletWebServerApplicationContext - Root WebApplicationContext: initialization completed in 1777 ms
2025-12-11 08:40:24.024 [main] INFO  org.apache.coyote.http11.Http11NioProtocol - Starting ProtocolHandler ["http-nio-8080"]
2025-12-11 08:40:24.058 [main] INFO  o.s.boot.web.embedded.tomcat.TomcatWebServer - Tomcat started on port 8080 (http) with context path '/'
2025-12-11 08:40:24.069 [main] INFO  com.example.TalisWebManagementApplication - Started TalisWebManagementApplication in 3.723 seconds (process running for 5.782)
2025-12-11 08:40:31.623 [http-nio-8080-exec-1] INFO  o.a.c.core.ContainerBase.[Tomcat].[localhost].[/] - Initializing Spring DispatcherServlet 'dispatcherServlet'
2025-12-11 08:40:31.624 [http-nio-8080-exec-1] INFO  org.springframework.web.servlet.DispatcherServlet - Initializing Servlet 'dispatcherServlet'
2025-12-11 08:40:31.625 [http-nio-8080-exec-1] INFO  org.springframework.web.servlet.DispatcherServlet - Completed initialization in 1 ms
2025-12-11 08:40:31.768 [http-nio-8080-exec-1] INFO  com.example.interceptor.TokenIntercoptor - 拦截请求---preHandle
2025-12-11 08:40:31.768 [http-nio-8080-exec-2] INFO  com.example.interceptor.TokenIntercoptor - 拦截请求---preHandle
2025-12-11 08:40:31.789 [http-nio-8080-exec-2] INFO  com.example.controller.DeptController - 查询全部部门信息
2025-12-11 08:40:31.816 [http-nio-8080-exec-1] INFO  com.example.controller.EmpController - 查询全部员工信息, EmpQueryParam(page=1, pageSize=10, name=, gender=null, begin=null, end=null)
2025-12-11 08:40:31.825 [http-nio-8080-exec-2] INFO  com.zaxxer.hikari.HikariDataSource - HikariPool-1 - Starting...
2025-12-11 08:40:32.442 [http-nio-8080-exec-2] INFO  com.zaxxer.hikari.pool.HikariPool - HikariPool-1 - Added connection com.mysql.cj.jdbc.ConnectionImpl@79756cf1
2025-12-11 08:40:32.443 [http-nio-8080-exec-2] INFO  com.zaxxer.hikari.HikariDataSource - HikariPool-1 - Start completed.
2025-12-11 08:40:32.653 [http-nio-8080-exec-2] INFO  com.example.interceptor.TokenIntercoptor - 拦截请求---postHandle
2025-12-11 08:40:32.653 [http-nio-8080-exec-2] INFO  com.example.interceptor.TokenIntercoptor - 拦截请求---afterCompletion
2025-12-11 08:40:32.669 [http-nio-8080-exec-1] INFO  com.example.interceptor.TokenIntercoptor - 拦截请求---postHandle
2025-12-11 08:40:32.670 [http-nio-8080-exec-1] INFO  com.example.interceptor.TokenIntercoptor - 拦截请求---afterCompletion
2025-12-11 08:40:34.931 [http-nio-8080-exec-3] INFO  com.example.interceptor.TokenIntercoptor - 拦截请求---preHandle
2025-12-11 08:40:34.931 [http-nio-8080-exec-4] INFO  com.example.interceptor.TokenIntercoptor - 拦截请求---preHandle
2025-12-11 08:40:34.932 [http-nio-8080-exec-4] INFO  com.example.controller.EmpController - 查询员工列表
2025-12-11 08:40:34.934 [http-nio-8080-exec-3] INFO  com.example.controller.ClazzController - 查询全部班级信息
2025-12-11 08:40:34.936 [http-nio-8080-exec-3] INFO  com.example.service.impl.ClazzServiceimpl - 查询全部班级信息: ClazzQueryParam(name=, begin=null, end=null, page=1, pageSize=10)
2025-12-11 08:40:34.966 [http-nio-8080-exec-4] INFO  com.example.interceptor.TokenIntercoptor - 拦截请求---postHandle
2025-12-11 08:40:34.966 [http-nio-8080-exec-4] INFO  com.example.interceptor.TokenIntercoptor - 拦截请求---afterCompletion
2025-12-11 08:40:34.985 [http-nio-8080-exec-3] INFO  com.example.interceptor.TokenIntercoptor - 拦截请求---postHandle
2025-12-11 08:40:34.985 [http-nio-8080-exec-3] INFO  com.example.interceptor.TokenIntercoptor - 拦截请求---afterCompletion
2025-12-11 08:40:35.946 [http-nio-8080-exec-7] INFO  com.example.interceptor.TokenIntercoptor - 拦截请求---preHandle
2025-12-11 08:40:35.946 [http-nio-8080-exec-5] INFO  com.example.interceptor.TokenIntercoptor - 拦截请求---preHandle
2025-12-11 08:40:35.946 [http-nio-8080-exec-5] INFO  com.example.controller.ClazzController - 查询全部班级列表
2025-12-11 08:40:35.949 [http-nio-8080-exec-7] INFO  com.example.controller.StudentController - 分页查询学生信息, StuQueryParm(name=, degree=null, clazzId=null, page=1, pageSize=10)
2025-12-11 08:40:35.950 [http-nio-8080-exec-7] INFO  com.example.service.impl.StudentServiceimpl - 查询全部班级信息: StuQueryParm(name=, degree=null, clazzId=null, page=1, pageSize=10)
2025-12-11 08:40:35.954 [http-nio-8080-exec-5] INFO  com.example.interceptor.TokenIntercoptor - 拦截请求---postHandle
2025-12-11 08:40:35.954 [http-nio-8080-exec-5] INFO  com.example.interceptor.TokenIntercoptor - 拦截请求---afterCompletion
2025-12-11 08:40:35.989 [http-nio-8080-exec-7] INFO  com.example.interceptor.TokenIntercoptor - 拦截请求---postHandle
2025-12-11 08:40:35.991 [http-nio-8080-exec-7] INFO  com.example.interceptor.TokenIntercoptor - 拦截请求---afterCompletion
2025-12-11 08:40:38.494 [http-nio-8080-exec-6] INFO  com.example.interceptor.TokenIntercoptor - 拦截请求---preHandle
2025-12-11 08:40:38.494 [http-nio-8080-exec-6] INFO  com.example.controller.DeptController - 查询全部部门信息
2025-12-11 08:40:38.500 [http-nio-8080-exec-6] INFO  com.example.interceptor.TokenIntercoptor - 拦截请求---postHandle
2025-12-11 08:40:38.500 [http-nio-8080-exec-6] INFO  com.example.interceptor.TokenIntercoptor - 拦截请求---afterCompletion
2025-12-11 08:40:39.274 [http-nio-8080-exec-9] INFO  com.example.interceptor.TokenIntercoptor - 拦截请求---preHandle
2025-12-11 08:40:39.274 [http-nio-8080-exec-8] INFO  com.example.interceptor.TokenIntercoptor - 拦截请求---preHandle
2025-12-11 08:40:39.274 [http-nio-8080-exec-9] INFO  com.example.controller.DeptController - 查询全部部门信息
2025-12-11 08:40:39.275 [http-nio-8080-exec-8] INFO  com.example.controller.EmpController - 查询全部员工信息, EmpQueryParam(page=1, pageSize=10, name=, gender=null, begin=null, end=null)
2025-12-11 08:40:39.283 [http-nio-8080-exec-9] INFO  com.example.interceptor.TokenIntercoptor - 拦截请求---postHandle
2025-12-11 08:40:39.284 [http-nio-8080-exec-9] INFO  com.example.interceptor.TokenIntercoptor - 拦截请求---afterCompletion
2025-12-11 08:40:39.290 [http-nio-8080-exec-8] INFO  com.example.interceptor.TokenIntercoptor - 拦截请求---postHandle
2025-12-11 08:40:39.290 [http-nio-8080-exec-8] INFO  com.example.interceptor.TokenIntercoptor - 拦截请求---afterCompletion
2025-12-11 08:40:40.025 [http-nio-8080-exec-10] INFO  com.example.interceptor.TokenIntercoptor - 拦截请求---preHandle
2025-12-11 08:40:40.025 [http-nio-8080-exec-10] INFO  com.example.controller.DeptController - 查询全部部门信息
2025-12-11 08:40:40.034 [http-nio-8080-exec-10] INFO  com.example.interceptor.TokenIntercoptor - 拦截请求---postHandle
2025-12-11 08:40:40.035 [http-nio-8080-exec-10] INFO  com.example.interceptor.TokenIntercoptor - 拦截请求---afterCompletion
2025-12-11 08:40:45.616 [http-nio-8080-exec-2] INFO  com.example.interceptor.TokenIntercoptor - 拦截请求---preHandle
2025-12-11 08:40:45.618 [http-nio-8080-exec-2] INFO  com.example.controller.DeptController - 查询部门信息 id:3
2025-12-11 08:40:45.623 [http-nio-8080-exec-2] INFO  com.example.interceptor.TokenIntercoptor - 拦截请求---postHandle
2025-12-11 08:40:45.623 [http-nio-8080-exec-2] INFO  com.example.interceptor.TokenIntercoptor - 拦截请求---afterCompletion
2025-12-11 08:41:02.088 [SpringApplicationShutdownHook] INFO  o.s.boot.web.embedded.tomcat.GracefulShutdown - Commencing graceful shutdown. Waiting for active requests to complete
2025-12-11 08:41:02.097 [tomcat-shutdown] INFO  o.s.boot.web.embedded.tomcat.GracefulShutdown - Graceful shutdown complete
2025-12-11 08:41:02.102 [SpringApplicationShutdownHook] INFO  com.zaxxer.hikari.HikariDataSource - HikariPool-1 - Shutdown initiated...
2025-12-11 08:41:02.110 [SpringApplicationShutdownHook] INFO  com.zaxxer.hikari.HikariDataSource - HikariPool-1 - Shutdown completed.
2025-12-11 08:41:04.656 [main] INFO  com.example.TalisWebManagementApplication - Starting TalisWebManagementApplication using Java 21.0.8 with PID 18540 (D:\Code\Java_Code\Java_Web02\Talis-web-management\target\classes started by sun in D:\Code\Java_Code\Java_Web02)
2025-12-11 08:41:04.660 [main] INFO  com.example.TalisWebManagementApplication - No active profile set, falling back to 1 default profile: "default"
2025-12-11 08:41:06.020 [main] INFO  o.s.boot.web.embedded.tomcat.TomcatWebServer - Tomcat initialized with port 8080 (http)
2025-12-11 08:41:06.035 [main] INFO  org.apache.coyote.http11.Http11NioProtocol - Initializing ProtocolHandler ["http-nio-8080"]
2025-12-11 08:41:06.037 [main] INFO  org.apache.catalina.core.StandardService - Starting service [Tomcat]
2025-12-11 08:41:06.037 [main] INFO  org.apache.catalina.core.StandardEngine - Starting Servlet engine: [Apache Tomcat/10.1.49]
2025-12-11 08:41:06.114 [main] INFO  o.a.c.core.ContainerBase.[Tomcat].[localhost].[/] - Initializing Spring embedded WebApplicationContext
2025-12-11 08:41:06.114 [main] INFO  o.s.b.w.s.c.ServletWebServerApplicationContext - Root WebApplicationContext: initialization completed in 1411 ms
2025-12-11 08:41:06.986 [main] INFO  org.apache.coyote.http11.Http11NioProtocol - Starting ProtocolHandler ["http-nio-8080"]
2025-12-11 08:41:07.010 [main] INFO  o.s.boot.web.embedded.tomcat.TomcatWebServer - Tomcat started on port 8080 (http) with context path '/'
2025-12-11 08:41:07.019 [main] INFO  com.example.TalisWebManagementApplication - Started TalisWebManagementApplication in 2.835 seconds (process running for 3.953)
2025-12-11 08:41:19.268 [http-nio-8080-exec-2] INFO  o.a.c.core.ContainerBase.[Tomcat].[localhost].[/] - Initializing Spring DispatcherServlet 'dispatcherServlet'
2025-12-11 08:41:19.269 [http-nio-8080-exec-2] INFO  org.springframework.web.servlet.DispatcherServlet - Initializing Servlet 'dispatcherServlet'
2025-12-11 08:41:19.269 [http-nio-8080-exec-2] INFO  org.springframework.web.servlet.DispatcherServlet - Completed initialization in 0 ms
2025-12-11 08:41:19.301 [http-nio-8080-exec-2] INFO  com.example.interceptor.TokenIntercoptor - token不存在--拦截
2025-12-11 08:41:19.301 [http-nio-8080-exec-1] INFO  com.example.interceptor.TokenIntercoptor - token不存在--拦截
2025-12-11 08:41:25.347 [http-nio-8080-exec-5] INFO  com.example.interceptor.TokenIntercoptor - token不存在--拦截
2025-12-11 08:41:25.348 [http-nio-8080-exec-4] INFO  com.example.interceptor.TokenIntercoptor - token不存在--拦截
2025-12-11 08:41:35.479 [http-nio-8080-exec-3] INFO  com.example.controller.LoginController - 登录： Emp(id=null, username=yiyi, password=123456, name=null, gender=null, phone=null, job=null, salary=null, image=null, entryDate=null, deptId=null, createTime=null, updateTime=null, deptName=null, exprList=null)
2025-12-11 08:41:35.519 [http-nio-8080-exec-3] INFO  com.zaxxer.hikari.HikariDataSource - HikariPool-1 - Starting...
2025-12-11 08:41:35.995 [http-nio-8080-exec-3] INFO  com.zaxxer.hikari.pool.HikariPool - HikariPool-1 - Added connection com.mysql.cj.jdbc.ConnectionImpl@2550db
2025-12-11 08:41:35.999 [http-nio-8080-exec-3] INFO  com.zaxxer.hikari.HikariDataSource - HikariPool-1 - Start completed.
2025-12-11 08:41:39.621 [http-nio-8080-exec-7] INFO  com.example.interceptor.TokenIntercoptor - 拦截请求---preHandle
2025-12-11 08:41:39.622 [http-nio-8080-exec-6] INFO  com.example.interceptor.TokenIntercoptor - 拦截请求---preHandle
2025-12-11 08:41:39.623 [http-nio-8080-exec-7] INFO  com.example.controller.EmpController - 查询员工列表
2025-12-11 08:41:39.638 [http-nio-8080-exec-6] INFO  com.example.controller.ClazzController - 查询全部班级信息
2025-12-11 08:41:39.640 [http-nio-8080-exec-6] INFO  com.example.service.impl.ClazzServiceimpl - 查询全部班级信息: ClazzQueryParam(name=, begin=null, end=null, page=1, pageSize=10)
2025-12-11 08:41:39.661 [http-nio-8080-exec-7] INFO  com.example.interceptor.TokenIntercoptor - 拦截请求---postHandle
2025-12-11 08:41:39.662 [http-nio-8080-exec-7] INFO  com.example.interceptor.TokenIntercoptor - 拦截请求---afterCompletion
2025-12-11 08:41:39.788 [http-nio-8080-exec-6] INFO  com.example.interceptor.TokenIntercoptor - 拦截请求---postHandle
2025-12-11 08:41:39.789 [http-nio-8080-exec-6] INFO  com.example.interceptor.TokenIntercoptor - 拦截请求---afterCompletion
2025-12-11 08:41:42.288 [http-nio-8080-exec-10] INFO  com.example.interceptor.TokenIntercoptor - 拦截请求---preHandle
2025-12-11 08:41:42.288 [http-nio-8080-exec-9] INFO  com.example.interceptor.TokenIntercoptor - 拦截请求---preHandle
2025-12-11 08:41:42.289 [http-nio-8080-exec-10] INFO  com.example.controller.ClazzController - 查询全部班级列表
2025-12-11 08:41:42.290 [http-nio-8080-exec-9] INFO  com.example.controller.StudentController - 分页查询学生信息, StuQueryParm(name=, degree=null, clazzId=null, page=1, pageSize=10)
2025-12-11 08:41:42.291 [http-nio-8080-exec-9] INFO  com.example.service.impl.StudentServiceimpl - 查询全部班级信息: StuQueryParm(name=, degree=null, clazzId=null, page=1, pageSize=10)
2025-12-11 08:41:42.296 [http-nio-8080-exec-10] INFO  com.example.interceptor.TokenIntercoptor - 拦截请求---postHandle
2025-12-11 08:41:42.296 [http-nio-8080-exec-10] INFO  com.example.interceptor.TokenIntercoptor - 拦截请求---afterCompletion
2025-12-11 08:41:42.323 [http-nio-8080-exec-9] INFO  com.example.interceptor.TokenIntercoptor - 拦截请求---postHandle
2025-12-11 08:41:42.324 [http-nio-8080-exec-9] INFO  com.example.interceptor.TokenIntercoptor - 拦截请求---afterCompletion
2025-12-11 08:41:45.716 [http-nio-8080-exec-8] INFO  com.example.interceptor.TokenIntercoptor - 拦截请求---preHandle
2025-12-11 08:41:45.718 [http-nio-8080-exec-8] INFO  com.example.controller.StudentController - 查询学生信息: 13
2025-12-11 08:41:45.724 [http-nio-8080-exec-8] INFO  com.example.interceptor.TokenIntercoptor - 拦截请求---postHandle
2025-12-11 08:41:45.725 [http-nio-8080-exec-8] INFO  com.example.interceptor.TokenIntercoptor - 拦截请求---afterCompletion
2025-12-11 08:50:49.648 [SpringApplicationShutdownHook] INFO  o.s.boot.web.embedded.tomcat.GracefulShutdown - Commencing graceful shutdown. Waiting for active requests to complete
2025-12-11 08:50:49.657 [tomcat-shutdown] INFO  o.s.boot.web.embedded.tomcat.GracefulShutdown - Graceful shutdown complete
2025-12-11 08:50:49.661 [SpringApplicationShutdownHook] INFO  com.zaxxer.hikari.HikariDataSource - HikariPool-1 - Shutdown initiated...
2025-12-11 08:50:49.667 [SpringApplicationShutdownHook] INFO  com.zaxxer.hikari.HikariDataSource - HikariPool-1 - Shutdown completed.
2025-12-11 08:51:00.245 [main] INFO  com.example.TalisWebManagementApplication - Starting TalisWebManagementApplication using Java 21.0.8 with PID 19632 (D:\Code\Java_Code\Java_Web02\Talis-web-management\target\classes started by sun in D:\Code\Java_Code\Java_Web02)
2025-12-11 08:51:00.248 [main] INFO  com.example.TalisWebManagementApplication - No active profile set, falling back to 1 default profile: "default"
2025-12-11 08:51:01.740 [main] INFO  o.s.boot.web.embedded.tomcat.TomcatWebServer - Tomcat initialized with port 8080 (http)
2025-12-11 08:51:01.759 [main] INFO  org.apache.coyote.http11.Http11NioProtocol - Initializing ProtocolHandler ["http-nio-8080"]
2025-12-11 08:51:01.761 [main] INFO  org.apache.catalina.core.StandardService - Starting service [Tomcat]
2025-12-11 08:51:01.761 [main] INFO  org.apache.catalina.core.StandardEngine - Starting Servlet engine: [Apache Tomcat/10.1.49]
2025-12-11 08:51:01.857 [main] INFO  o.a.c.core.ContainerBase.[Tomcat].[localhost].[/] - Initializing Spring embedded WebApplicationContext
2025-12-11 08:51:01.857 [main] INFO  o.s.b.w.s.c.ServletWebServerApplicationContext - Root WebApplicationContext: initialization completed in 1560 ms
2025-12-11 08:51:02.837 [main] INFO  org.apache.coyote.http11.Http11NioProtocol - Starting ProtocolHandler ["http-nio-8080"]
2025-12-11 08:51:02.865 [main] INFO  o.s.boot.web.embedded.tomcat.TomcatWebServer - Tomcat started on port 8080 (http) with context path '/'
2025-12-11 08:51:02.876 [main] INFO  com.example.TalisWebManagementApplication - Started TalisWebManagementApplication in 3.175 seconds (process running for 4.488)
2025-12-11 08:51:06.926 [http-nio-8080-exec-2] INFO  o.a.c.core.ContainerBase.[Tomcat].[localhost].[/] - Initializing Spring DispatcherServlet 'dispatcherServlet'
2025-12-11 08:51:06.926 [http-nio-8080-exec-2] INFO  org.springframework.web.servlet.DispatcherServlet - Initializing Servlet 'dispatcherServlet'
2025-12-11 08:51:06.932 [http-nio-8080-exec-2] INFO  org.springframework.web.servlet.DispatcherServlet - Completed initialization in 5 ms
2025-12-11 08:51:07.060 [http-nio-8080-exec-1] INFO  com.example.interceptor.TokenIntercoptor - 拦截请求---preHandle
2025-12-11 08:51:07.060 [http-nio-8080-exec-2] INFO  com.example.interceptor.TokenIntercoptor - 拦截请求---preHandle
2025-12-11 08:51:07.075 [http-nio-8080-exec-2] INFO  com.example.controller.EmpController - 查询员工列表
2025-12-11 08:51:07.100 [http-nio-8080-exec-1] INFO  com.example.controller.ClazzController - 查询全部班级信息
2025-12-11 08:51:07.100 [http-nio-8080-exec-1] INFO  com.example.service.impl.ClazzServiceimpl - 查询全部班级信息: ClazzQueryParam(name=, begin=null, end=null, page=1, pageSize=10)
2025-12-11 08:51:07.108 [http-nio-8080-exec-2] INFO  com.zaxxer.hikari.HikariDataSource - HikariPool-1 - Starting...
2025-12-11 08:51:07.621 [http-nio-8080-exec-2] INFO  com.zaxxer.hikari.pool.HikariPool - HikariPool-1 - Added connection com.mysql.cj.jdbc.ConnectionImpl@3f814d60
2025-12-11 08:51:07.621 [http-nio-8080-exec-2] INFO  com.zaxxer.hikari.HikariDataSource - HikariPool-1 - Start completed.
2025-12-11 08:51:07.889 [http-nio-8080-exec-2] INFO  com.example.interceptor.TokenIntercoptor - 拦截请求---postHandle
2025-12-11 08:51:07.889 [http-nio-8080-exec-2] INFO  com.example.interceptor.TokenIntercoptor - 拦截请求---afterCompletion
2025-12-11 08:51:07.895 [http-nio-8080-exec-1] INFO  com.example.interceptor.TokenIntercoptor - 拦截请求---postHandle
2025-12-11 08:51:07.895 [http-nio-8080-exec-1] INFO  com.example.interceptor.TokenIntercoptor - 拦截请求---afterCompletion
2025-12-11 08:51:08.424 [http-nio-8080-exec-4] INFO  com.example.interceptor.TokenIntercoptor - 拦截请求---preHandle
2025-12-11 08:51:08.424 [http-nio-8080-exec-3] INFO  com.example.interceptor.TokenIntercoptor - 拦截请求---preHandle
2025-12-11 08:51:08.425 [http-nio-8080-exec-3] INFO  com.example.controller.ClazzController - 查询全部班级列表
2025-12-11 08:51:08.428 [http-nio-8080-exec-4] INFO  com.example.controller.StudentController - 分页查询学生信息, StuQueryParm(name=, degree=null, clazzId=null, page=1, pageSize=10)
2025-12-11 08:51:08.429 [http-nio-8080-exec-4] INFO  com.example.service.impl.StudentServiceimpl - 查询全部班级信息: StuQueryParm(name=, degree=null, clazzId=null, page=1, pageSize=10)
2025-12-11 08:51:08.437 [http-nio-8080-exec-3] INFO  com.example.interceptor.TokenIntercoptor - 拦截请求---postHandle
2025-12-11 08:51:08.438 [http-nio-8080-exec-3] INFO  com.example.interceptor.TokenIntercoptor - 拦截请求---afterCompletion
2025-12-11 08:51:08.468 [http-nio-8080-exec-4] INFO  com.example.interceptor.TokenIntercoptor - 拦截请求---postHandle
2025-12-11 08:51:08.468 [http-nio-8080-exec-4] INFO  com.example.interceptor.TokenIntercoptor - 拦截请求---afterCompletion
2025-12-11 08:57:00.920 [SpringApplicationShutdownHook] INFO  o.s.boot.web.embedded.tomcat.GracefulShutdown - Commencing graceful shutdown. Waiting for active requests to complete
2025-12-11 08:57:00.930 [tomcat-shutdown] INFO  o.s.boot.web.embedded.tomcat.GracefulShutdown - Graceful shutdown complete
2025-12-11 08:57:00.934 [SpringApplicationShutdownHook] INFO  com.zaxxer.hikari.HikariDataSource - HikariPool-1 - Shutdown initiated...
2025-12-11 08:57:00.941 [SpringApplicationShutdownHook] INFO  com.zaxxer.hikari.HikariDataSource - HikariPool-1 - Shutdown completed.
2025-12-11 08:58:00.602 [main] INFO  com.example.TalisWebManagementApplication - Starting TalisWebManagementApplication using Java 21.0.8 with PID 11744 (D:\Code\Java_Code\Java_Web02\Talis-web-management\target\classes started by sun in D:\Code\Java_Code\Java_Web02)
2025-12-11 08:58:00.604 [main] INFO  com.example.TalisWebManagementApplication - No active profile set, falling back to 1 default profile: "default"
2025-12-11 08:58:02.032 [main] INFO  o.s.boot.web.embedded.tomcat.TomcatWebServer - Tomcat initialized with port 8080 (http)
2025-12-11 08:58:02.049 [main] INFO  org.apache.coyote.http11.Http11NioProtocol - Initializing ProtocolHandler ["http-nio-8080"]
2025-12-11 08:58:02.051 [main] INFO  org.apache.catalina.core.StandardService - Starting service [Tomcat]
2025-12-11 08:58:02.051 [main] INFO  org.apache.catalina.core.StandardEngine - Starting Servlet engine: [Apache Tomcat/10.1.49]
2025-12-11 08:58:02.136 [main] INFO  o.a.c.core.ContainerBase.[Tomcat].[localhost].[/] - Initializing Spring embedded WebApplicationContext
2025-12-11 08:58:02.137 [main] INFO  o.s.b.w.s.c.ServletWebServerApplicationContext - Root WebApplicationContext: initialization completed in 1478 ms
2025-12-11 08:58:03.020 [main] INFO  org.apache.coyote.http11.Http11NioProtocol - Starting ProtocolHandler ["http-nio-8080"]
2025-12-11 08:58:03.043 [main] INFO  o.s.boot.web.embedded.tomcat.TomcatWebServer - Tomcat started on port 8080 (http) with context path '/'
2025-12-11 08:58:03.051 [main] INFO  com.example.TalisWebManagementApplication - Started TalisWebManagementApplication in 2.968 seconds (process running for 4.197)
2025-12-11 08:58:17.691 [http-nio-8080-exec-1] INFO  o.a.c.core.ContainerBase.[Tomcat].[localhost].[/] - Initializing Spring DispatcherServlet 'dispatcherServlet'
2025-12-11 08:58:17.691 [http-nio-8080-exec-1] INFO  org.springframework.web.servlet.DispatcherServlet - Initializing Servlet 'dispatcherServlet'
2025-12-11 08:58:17.696 [http-nio-8080-exec-1] INFO  org.springframework.web.servlet.DispatcherServlet - Completed initialization in 5 ms
2025-12-11 08:58:17.839 [http-nio-8080-exec-1] INFO  com.example.controller.LoginController - 登录： Emp(id=null, username=songjiang, password=123456, name=null, gender=null, phone=null, job=null, salary=null, image=null, entryDate=null, deptId=null, createTime=null, updateTime=null, deptName=null, exprList=null)
2025-12-11 08:58:17.881 [http-nio-8080-exec-1] INFO  com.zaxxer.hikari.HikariDataSource - HikariPool-1 - Starting...
2025-12-11 08:58:18.401 [http-nio-8080-exec-1] INFO  com.zaxxer.hikari.pool.HikariPool - HikariPool-1 - Added connection com.mysql.cj.jdbc.ConnectionImpl@594a51ed
2025-12-11 08:58:18.404 [http-nio-8080-exec-1] INFO  com.zaxxer.hikari.HikariDataSource - HikariPool-1 - Start completed.
2025-12-11 08:58:47.114 [http-nio-8080-exec-2] INFO  com.example.interceptor.TokenIntercoptor - 拦截请求---preHandle
2025-12-11 08:58:47.114 [http-nio-8080-exec-3] INFO  com.example.interceptor.TokenIntercoptor - 拦截请求---preHandle
2025-12-11 08:58:47.115 [http-nio-8080-exec-2] INFO  com.example.controller.EmpController - 查询员工列表
2025-12-11 08:58:47.130 [http-nio-8080-exec-3] INFO  com.example.controller.ClazzController - 查询全部班级信息
2025-12-11 08:58:47.132 [http-nio-8080-exec-3] INFO  com.example.service.impl.ClazzServiceimpl - 查询全部班级信息: ClazzQueryParam(name=, begin=null, end=null, page=1, pageSize=10)
2025-12-11 08:58:47.161 [http-nio-8080-exec-2] INFO  com.example.interceptor.TokenIntercoptor - 拦截请求---postHandle
2025-12-11 08:58:47.161 [http-nio-8080-exec-2] INFO  com.example.interceptor.TokenIntercoptor - 拦截请求---afterCompletion
2025-12-11 08:58:47.287 [http-nio-8080-exec-3] INFO  com.example.interceptor.TokenIntercoptor - 拦截请求---postHandle
2025-12-11 08:58:47.292 [http-nio-8080-exec-3] INFO  com.example.interceptor.TokenIntercoptor - 拦截请求---afterCompletion
2025-12-11 08:58:47.751 [http-nio-8080-exec-5] INFO  com.example.interceptor.TokenIntercoptor - 拦截请求---preHandle
2025-12-11 08:58:47.751 [http-nio-8080-exec-4] INFO  com.example.interceptor.TokenIntercoptor - 拦截请求---preHandle
2025-12-11 08:58:47.752 [http-nio-8080-exec-5] INFO  com.example.controller.ClazzController - 查询全部班级列表
2025-12-11 08:58:47.754 [http-nio-8080-exec-4] INFO  com.example.controller.StudentController - 分页查询学生信息, StuQueryParm(name=, degree=null, clazzId=null, page=1, pageSize=10)
2025-12-11 08:58:47.755 [http-nio-8080-exec-4] INFO  com.example.service.impl.StudentServiceimpl - 查询全部班级信息: StuQueryParm(name=, degree=null, clazzId=null, page=1, pageSize=10)
2025-12-11 08:58:47.763 [http-nio-8080-exec-5] INFO  com.example.interceptor.TokenIntercoptor - 拦截请求---postHandle
2025-12-11 08:58:47.764 [http-nio-8080-exec-5] INFO  com.example.interceptor.TokenIntercoptor - 拦截请求---afterCompletion
2025-12-11 08:58:47.789 [http-nio-8080-exec-4] INFO  com.example.interceptor.TokenIntercoptor - 拦截请求---postHandle
2025-12-11 08:58:47.789 [http-nio-8080-exec-4] INFO  com.example.interceptor.TokenIntercoptor - 拦截请求---afterCompletion
2025-12-11 08:58:48.645 [http-nio-8080-exec-6] INFO  com.example.interceptor.TokenIntercoptor - 拦截请求---preHandle
2025-12-11 08:58:48.650 [http-nio-8080-exec-6] INFO  com.example.controller.DeptController - 查询全部部门信息
2025-12-11 08:58:48.659 [http-nio-8080-exec-6] INFO  com.example.interceptor.TokenIntercoptor - 拦截请求---postHandle
2025-12-11 08:58:48.659 [http-nio-8080-exec-6] INFO  com.example.interceptor.TokenIntercoptor - 拦截请求---afterCompletion
2025-12-11 08:58:49.300 [http-nio-8080-exec-7] INFO  com.example.interceptor.TokenIntercoptor - 拦截请求---preHandle
2025-12-11 08:58:49.304 [http-nio-8080-exec-7] INFO  com.example.controller.EmpController - 查询全部员工信息, EmpQueryParam(page=1, pageSize=10, name=, gender=null, begin=null, end=null)
2025-12-11 08:58:49.322 [http-nio-8080-exec-8] INFO  com.example.interceptor.TokenIntercoptor - 拦截请求---preHandle
2025-12-11 08:58:49.322 [http-nio-8080-exec-7] INFO  com.example.interceptor.TokenIntercoptor - 拦截请求---postHandle
2025-12-11 08:58:49.322 [http-nio-8080-exec-7] INFO  com.example.interceptor.TokenIntercoptor - 拦截请求---afterCompletion
2025-12-11 08:58:49.323 [http-nio-8080-exec-8] INFO  com.example.controller.DeptController - 查询全部部门信息
2025-12-11 08:58:49.327 [http-nio-8080-exec-8] INFO  com.example.interceptor.TokenIntercoptor - 拦截请求---postHandle
2025-12-11 08:58:49.327 [http-nio-8080-exec-8] INFO  com.example.interceptor.TokenIntercoptor - 拦截请求---afterCompletion
2025-12-11 08:58:50.216 [http-nio-8080-exec-9] INFO  com.example.interceptor.TokenIntercoptor - 拦截请求---preHandle
2025-12-11 08:58:50.218 [http-nio-8080-exec-9] INFO  com.example.controller.ReportController - 统计各个职位的员工人数
2025-12-11 08:58:50.231 [http-nio-8080-exec-10] INFO  com.example.interceptor.TokenIntercoptor - 拦截请求---preHandle
2025-12-11 08:58:50.231 [http-nio-8080-exec-9] INFO  com.example.interceptor.TokenIntercoptor - 拦截请求---postHandle
2025-12-11 08:58:50.231 [http-nio-8080-exec-9] INFO  com.example.interceptor.TokenIntercoptor - 拦截请求---afterCompletion
2025-12-11 08:58:50.231 [http-nio-8080-exec-10] INFO  com.example.controller.ReportController - 统计员工性别数据
2025-12-11 08:58:50.237 [http-nio-8080-exec-10] INFO  com.example.interceptor.TokenIntercoptor - 拦截请求---postHandle
2025-12-11 08:58:50.237 [http-nio-8080-exec-10] INFO  com.example.interceptor.TokenIntercoptor - 拦截请求---afterCompletion
2025-12-11 08:58:50.789 [http-nio-8080-exec-1] INFO  com.example.interceptor.TokenIntercoptor - 拦截请求---preHandle
2025-12-11 08:58:50.789 [http-nio-8080-exec-1] INFO  com.example.controller.ReportController - 统计班级学生数据
2025-12-11 08:58:50.802 [http-nio-8080-exec-1] INFO  com.example.interceptor.TokenIntercoptor - 拦截请求---postHandle
2025-12-11 08:58:50.802 [http-nio-8080-exec-1] INFO  com.example.interceptor.TokenIntercoptor - 拦截请求---afterCompletion
2025-12-11 08:58:50.807 [http-nio-8080-exec-2] INFO  com.example.interceptor.TokenIntercoptor - 拦截请求---preHandle
2025-12-11 08:58:50.807 [http-nio-8080-exec-2] INFO  com.example.controller.ReportController - 统计学生学历数据
2025-12-11 08:58:50.810 [http-nio-8080-exec-2] INFO  com.example.interceptor.TokenIntercoptor - 拦截请求---postHandle
2025-12-11 08:58:50.810 [http-nio-8080-exec-2] INFO  com.example.interceptor.TokenIntercoptor - 拦截请求---afterCompletion
2025-12-11 09:18:52.266 [SpringApplicationShutdownHook] INFO  o.s.boot.web.embedded.tomcat.GracefulShutdown - Commencing graceful shutdown. Waiting for active requests to complete
2025-12-11 09:18:52.277 [tomcat-shutdown] INFO  o.s.boot.web.embedded.tomcat.GracefulShutdown - Graceful shutdown complete
2025-12-11 09:18:52.281 [SpringApplicationShutdownHook] INFO  com.zaxxer.hikari.HikariDataSource - HikariPool-1 - Shutdown initiated...
2025-12-11 09:18:52.288 [SpringApplicationShutdownHook] INFO  com.zaxxer.hikari.HikariDataSource - HikariPool-1 - Shutdown completed.
2025-12-11 09:18:59.791 [main] INFO  com.example.TalisWebManagementApplication - Starting TalisWebManagementApplication using Java 21.0.8 with PID 29200 (D:\Code\Java_Code\Java_Web02\Talis-web-management\target\classes started by sun in D:\Code\Java_Code\Java_Web02)
2025-12-11 09:18:59.792 [main] INFO  com.example.TalisWebManagementApplication - No active profile set, falling back to 1 default profile: "default"
2025-12-11 09:19:01.325 [main] INFO  o.s.boot.web.embedded.tomcat.TomcatWebServer - Tomcat initialized with port 8080 (http)
2025-12-11 09:19:01.344 [main] INFO  org.apache.coyote.http11.Http11NioProtocol - Initializing ProtocolHandler ["http-nio-8080"]
2025-12-11 09:19:01.346 [main] INFO  org.apache.catalina.core.StandardService - Starting service [Tomcat]
2025-12-11 09:19:01.346 [main] INFO  org.apache.catalina.core.StandardEngine - Starting Servlet engine: [Apache Tomcat/10.1.49]
2025-12-11 09:19:01.429 [main] INFO  o.a.c.core.ContainerBase.[Tomcat].[localhost].[/] - Initializing Spring embedded WebApplicationContext
2025-12-11 09:19:01.429 [main] INFO  o.s.b.w.s.c.ServletWebServerApplicationContext - Root WebApplicationContext: initialization completed in 1587 ms
2025-12-11 09:19:02.429 [main] INFO  org.apache.coyote.http11.Http11NioProtocol - Starting ProtocolHandler ["http-nio-8080"]
2025-12-11 09:19:02.460 [main] INFO  o.s.boot.web.embedded.tomcat.TomcatWebServer - Tomcat started on port 8080 (http) with context path '/'
2025-12-11 09:19:02.470 [main] INFO  com.example.TalisWebManagementApplication - Started TalisWebManagementApplication in 3.15 seconds (process running for 4.295)
2025-12-11 09:20:34.630 [SpringApplicationShutdownHook] INFO  o.s.boot.web.embedded.tomcat.GracefulShutdown - Commencing graceful shutdown. Waiting for active requests to complete
2025-12-11 09:20:34.641 [tomcat-shutdown] INFO  o.s.boot.web.embedded.tomcat.GracefulShutdown - Graceful shutdown complete
2025-12-11 09:20:44.143 [main] INFO  com.example.TalisWebManagementApplication - Starting TalisWebManagementApplication using Java 21.0.8 with PID 27476 (D:\Code\Java_Code\Java_Web02\Talis-web-management\target\classes started by sun in D:\Code\Java_Code\Java_Web02)
2025-12-11 09:20:44.145 [main] INFO  com.example.TalisWebManagementApplication - No active profile set, falling back to 1 default profile: "default"
2025-12-11 09:20:45.707 [main] INFO  o.s.boot.web.embedded.tomcat.TomcatWebServer - Tomcat initialized with port 8080 (http)
2025-12-11 09:20:45.727 [main] INFO  org.apache.coyote.http11.Http11NioProtocol - Initializing ProtocolHandler ["http-nio-8080"]
2025-12-11 09:20:45.729 [main] INFO  org.apache.catalina.core.StandardService - Starting service [Tomcat]
2025-12-11 09:20:45.729 [main] INFO  org.apache.catalina.core.StandardEngine - Starting Servlet engine: [Apache Tomcat/10.1.49]
2025-12-11 09:20:45.814 [main] INFO  o.a.c.core.ContainerBase.[Tomcat].[localhost].[/] - Initializing Spring embedded WebApplicationContext
2025-12-11 09:20:45.815 [main] INFO  o.s.b.w.s.c.ServletWebServerApplicationContext - Root WebApplicationContext: initialization completed in 1618 ms
2025-12-11 09:20:46.771 [main] INFO  org.apache.coyote.http11.Http11NioProtocol - Starting ProtocolHandler ["http-nio-8080"]
2025-12-11 09:20:46.798 [main] INFO  o.s.boot.web.embedded.tomcat.TomcatWebServer - Tomcat started on port 8080 (http) with context path '/'
2025-12-11 09:20:46.807 [main] INFO  com.example.TalisWebManagementApplication - Started TalisWebManagementApplication in 3.215 seconds (process running for 4.531)
2025-12-11 09:21:03.361 [http-nio-8080-exec-2] INFO  o.a.c.core.ContainerBase.[Tomcat].[localhost].[/] - Initializing Spring DispatcherServlet 'dispatcherServlet'
2025-12-11 09:21:03.362 [http-nio-8080-exec-2] INFO  org.springframework.web.servlet.DispatcherServlet - Initializing Servlet 'dispatcherServlet'
2025-12-11 09:21:03.364 [http-nio-8080-exec-2] INFO  org.springframework.web.servlet.DispatcherServlet - Completed initialization in 2 ms
2025-12-11 09:21:03.504 [http-nio-8080-exec-2] INFO  com.example.interceptor.TokenIntercoptor - 拦截请求---preHandle
2025-12-11 09:21:03.504 [http-nio-8080-exec-1] INFO  com.example.interceptor.TokenIntercoptor - 拦截请求---preHandle
2025-12-11 09:21:03.521 [http-nio-8080-exec-2] INFO  com.example.controller.ReportController - 统计班级学生数据
2025-12-11 09:21:03.521 [http-nio-8080-exec-1] INFO  com.example.controller.ReportController - 统计学生学历数据
2025-12-11 09:21:03.565 [http-nio-8080-exec-1] INFO  com.zaxxer.hikari.HikariDataSource - HikariPool-1 - Starting...
2025-12-11 09:21:04.089 [http-nio-8080-exec-1] INFO  com.zaxxer.hikari.pool.HikariPool - HikariPool-1 - Added connection com.mysql.cj.jdbc.ConnectionImpl@751185ba
2025-12-11 09:21:04.094 [http-nio-8080-exec-1] INFO  com.zaxxer.hikari.HikariDataSource - HikariPool-1 - Start completed.
2025-12-11 09:21:04.281 [http-nio-8080-exec-2] INFO  com.example.interceptor.TokenIntercoptor - 拦截请求---postHandle
2025-12-11 09:21:04.281 [http-nio-8080-exec-1] INFO  com.example.interceptor.TokenIntercoptor - 拦截请求---postHandle
2025-12-11 09:21:04.281 [http-nio-8080-exec-2] INFO  com.example.interceptor.TokenIntercoptor - 拦截请求---afterCompletion
2025-12-11 09:21:04.281 [http-nio-8080-exec-1] INFO  com.example.interceptor.TokenIntercoptor - 拦截请求---afterCompletion
2025-12-11 09:21:05.847 [http-nio-8080-exec-3] INFO  com.example.interceptor.TokenIntercoptor - 拦截请求---preHandle
2025-12-11 09:21:05.847 [http-nio-8080-exec-4] INFO  com.example.interceptor.TokenIntercoptor - 拦截请求---preHandle
2025-12-11 09:21:05.848 [http-nio-8080-exec-4] INFO  com.example.controller.EmpController - 查询员工列表
2025-12-11 09:21:05.880 [http-nio-8080-exec-3] INFO  com.example.controller.ClazzController - 查询全部班级信息
2025-12-11 09:21:05.882 [http-nio-8080-exec-3] INFO  com.example.service.impl.ClazzServiceimpl - 查询全部班级信息: ClazzQueryParam(name=, begin=null, end=null, page=1, pageSize=10)
2025-12-11 09:21:05.889 [http-nio-8080-exec-4] INFO  com.example.interceptor.TokenIntercoptor - 拦截请求---postHandle
2025-12-11 09:21:05.889 [http-nio-8080-exec-4] INFO  com.example.interceptor.TokenIntercoptor - 拦截请求---afterCompletion
2025-12-11 09:21:06.020 [http-nio-8080-exec-3] INFO  com.example.interceptor.TokenIntercoptor - 拦截请求---postHandle
2025-12-11 09:21:06.020 [http-nio-8080-exec-3] INFO  com.example.interceptor.TokenIntercoptor - 拦截请求---afterCompletion
2025-12-11 09:21:06.536 [http-nio-8080-exec-5] INFO  com.example.interceptor.TokenIntercoptor - 拦截请求---preHandle
2025-12-11 09:21:06.537 [http-nio-8080-exec-6] INFO  com.example.interceptor.TokenIntercoptor - 拦截请求---preHandle
2025-12-11 09:21:06.538 [http-nio-8080-exec-6] INFO  com.example.controller.ClazzController - 查询全部班级列表
2025-12-11 09:21:06.539 [http-nio-8080-exec-5] INFO  com.example.controller.StudentController - 分页查询学生信息, StuQueryParm(name=, degree=null, clazzId=null, page=1, pageSize=10)
2025-12-11 09:21:06.540 [http-nio-8080-exec-5] INFO  com.example.service.impl.StudentServiceimpl - 查询全部班级信息: StuQueryParm(name=, degree=null, clazzId=null, page=1, pageSize=10)
2025-12-11 09:21:06.547 [http-nio-8080-exec-6] INFO  com.example.interceptor.TokenIntercoptor - 拦截请求---postHandle
2025-12-11 09:21:06.547 [http-nio-8080-exec-6] INFO  com.example.interceptor.TokenIntercoptor - 拦截请求---afterCompletion
2025-12-11 09:21:06.573 [http-nio-8080-exec-5] INFO  com.example.interceptor.TokenIntercoptor - 拦截请求---postHandle
2025-12-11 09:21:06.574 [http-nio-8080-exec-5] INFO  com.example.interceptor.TokenIntercoptor - 拦截请求---afterCompletion
2025-12-11 09:21:07.461 [http-nio-8080-exec-7] INFO  com.example.interceptor.TokenIntercoptor - 拦截请求---preHandle
2025-12-11 09:21:07.465 [http-nio-8080-exec-7] INFO  com.example.controller.DeptController - 查询全部部门信息
2025-12-11 09:21:07.474 [http-nio-8080-exec-7] INFO  com.example.interceptor.TokenIntercoptor - 拦截请求---postHandle
2025-12-11 09:21:07.474 [http-nio-8080-exec-7] INFO  com.example.interceptor.TokenIntercoptor - 拦截请求---afterCompletion
2025-12-11 09:21:08.028 [http-nio-8080-exec-9] INFO  com.example.interceptor.TokenIntercoptor - 拦截请求---preHandle
2025-12-11 09:21:08.034 [http-nio-8080-exec-9] INFO  com.example.controller.EmpController - 查询全部员工信息, EmpQueryParam(page=1, pageSize=10, name=, gender=null, begin=null, end=null)
2025-12-11 09:21:08.038 [http-nio-8080-exec-8] INFO  com.example.interceptor.TokenIntercoptor - 拦截请求---preHandle
2025-12-11 09:21:08.038 [http-nio-8080-exec-8] INFO  com.example.controller.DeptController - 查询全部部门信息
2025-12-11 09:21:08.046 [http-nio-8080-exec-8] INFO  com.example.interceptor.TokenIntercoptor - 拦截请求---postHandle
2025-12-11 09:21:08.047 [http-nio-8080-exec-8] INFO  com.example.interceptor.TokenIntercoptor - 拦截请求---afterCompletion
2025-12-11 09:21:08.057 [http-nio-8080-exec-9] INFO  com.example.interceptor.TokenIntercoptor - 拦截请求---postHandle
2025-12-11 09:21:08.057 [http-nio-8080-exec-9] INFO  com.example.interceptor.TokenIntercoptor - 拦截请求---afterCompletion
2025-12-11 09:21:09.197 [http-nio-8080-exec-10] INFO  com.example.interceptor.TokenIntercoptor - 拦截请求---preHandle
2025-12-11 09:21:09.197 [http-nio-8080-exec-10] INFO  com.example.controller.ReportController - 统计各个职位的员工人数
2025-12-11 09:21:09.204 [http-nio-8080-exec-10] INFO  com.example.interceptor.TokenIntercoptor - 拦截请求---postHandle
2025-12-11 09:21:09.205 [http-nio-8080-exec-10] INFO  com.example.interceptor.TokenIntercoptor - 拦截请求---afterCompletion
2025-12-11 09:21:09.213 [http-nio-8080-exec-1] INFO  com.example.interceptor.TokenIntercoptor - 拦截请求---preHandle
2025-12-11 09:21:09.214 [http-nio-8080-exec-1] INFO  com.example.controller.ReportController - 统计员工性别数据
2025-12-11 09:21:09.218 [http-nio-8080-exec-1] INFO  com.example.interceptor.TokenIntercoptor - 拦截请求---postHandle
2025-12-11 09:21:09.218 [http-nio-8080-exec-1] INFO  com.example.interceptor.TokenIntercoptor - 拦截请求---afterCompletion
2025-12-11 09:21:09.631 [http-nio-8080-exec-2] INFO  com.example.interceptor.TokenIntercoptor - 拦截请求---preHandle
2025-12-11 09:21:09.631 [http-nio-8080-exec-2] INFO  com.example.controller.ReportController - 统计班级学生数据
2025-12-11 09:21:09.635 [http-nio-8080-exec-4] INFO  com.example.interceptor.TokenIntercoptor - 拦截请求---preHandle
2025-12-11 09:21:09.635 [http-nio-8080-exec-4] INFO  com.example.controller.ReportController - 统计学生学历数据
2025-12-11 09:21:09.636 [http-nio-8080-exec-2] INFO  com.example.interceptor.TokenIntercoptor - 拦截请求---postHandle
2025-12-11 09:21:09.637 [http-nio-8080-exec-2] INFO  com.example.interceptor.TokenIntercoptor - 拦截请求---afterCompletion
2025-12-11 09:21:09.645 [http-nio-8080-exec-4] INFO  com.example.interceptor.TokenIntercoptor - 拦截请求---postHandle
2025-12-11 09:21:09.647 [http-nio-8080-exec-4] INFO  com.example.interceptor.TokenIntercoptor - 拦截请求---afterCompletion
2025-12-11 09:34:44.711 [SpringApplicationShutdownHook] INFO  o.s.boot.web.embedded.tomcat.GracefulShutdown - Commencing graceful shutdown. Waiting for active requests to complete
2025-12-11 09:34:44.720 [tomcat-shutdown] INFO  o.s.boot.web.embedded.tomcat.GracefulShutdown - Graceful shutdown complete
2025-12-11 09:34:44.725 [SpringApplicationShutdownHook] INFO  com.zaxxer.hikari.HikariDataSource - HikariPool-1 - Shutdown initiated...
2025-12-11 09:34:44.734 [SpringApplicationShutdownHook] INFO  com.zaxxer.hikari.HikariDataSource - HikariPool-1 - Shutdown completed.
2025-12-11 09:34:53.246 [main] INFO  com.example.TalisWebManagementApplication - Starting TalisWebManagementApplication using Java 21.0.8 with PID 31360 (D:\Code\Java_Code\Java_Web02\Talis-web-management\target\classes started by sun in D:\Code\Java_Code\Java_Web02)
2025-12-11 09:34:53.248 [main] INFO  com.example.TalisWebManagementApplication - No active profile set, falling back to 1 default profile: "default"
2025-12-11 09:34:54.887 [main] INFO  o.s.boot.web.embedded.tomcat.TomcatWebServer - Tomcat initialized with port 8080 (http)
2025-12-11 09:34:54.906 [main] INFO  org.apache.coyote.http11.Http11NioProtocol - Initializing ProtocolHandler ["http-nio-8080"]
2025-12-11 09:34:54.907 [main] INFO  org.apache.catalina.core.StandardService - Starting service [Tomcat]
2025-12-11 09:34:54.908 [main] INFO  org.apache.catalina.core.StandardEngine - Starting Servlet engine: [Apache Tomcat/10.1.49]
2025-12-11 09:34:54.994 [main] INFO  o.a.c.core.ContainerBase.[Tomcat].[localhost].[/] - Initializing Spring embedded WebApplicationContext
2025-12-11 09:34:54.994 [main] INFO  o.s.b.w.s.c.ServletWebServerApplicationContext - Root WebApplicationContext: initialization completed in 1696 ms
2025-12-11 09:34:56.017 [main] INFO  org.apache.coyote.http11.Http11NioProtocol - Starting ProtocolHandler ["http-nio-8080"]
2025-12-11 09:34:56.046 [main] INFO  o.s.boot.web.embedded.tomcat.TomcatWebServer - Tomcat started on port 8080 (http) with context path '/'
2025-12-11 09:34:56.054 [main] INFO  com.example.TalisWebManagementApplication - Started TalisWebManagementApplication in 3.421 seconds (process running for 4.902)
2025-12-11 09:35:03.380 [http-nio-8080-exec-1] INFO  o.a.c.core.ContainerBase.[Tomcat].[localhost].[/] - Initializing Spring DispatcherServlet 'dispatcherServlet'
2025-12-11 09:35:03.380 [http-nio-8080-exec-1] INFO  org.springframework.web.servlet.DispatcherServlet - Initializing Servlet 'dispatcherServlet'
2025-12-11 09:35:03.382 [http-nio-8080-exec-1] INFO  org.springframework.web.servlet.DispatcherServlet - Completed initialization in 2 ms
2025-12-11 09:35:03.506 [http-nio-8080-exec-2] INFO  com.example.interceptor.TokenIntercoptor - 拦截请求---preHandle
2025-12-11 09:35:03.506 [http-nio-8080-exec-1] INFO  com.example.interceptor.TokenIntercoptor - 拦截请求---preHandle
2025-12-11 09:35:03.524 [http-nio-8080-exec-2] INFO  com.example.controller.EmpController - 查询员工列表
2025-12-11 09:35:03.560 [http-nio-8080-exec-1] INFO  com.example.controller.ClazzController - 查询全部班级信息
2025-12-11 09:35:03.562 [http-nio-8080-exec-1] INFO  com.example.service.impl.ClazzServiceimpl - 查询全部班级信息: ClazzQueryParam(name=, begin=null, end=null, page=1, pageSize=10)
2025-12-11 09:35:03.566 [http-nio-8080-exec-2] INFO  com.zaxxer.hikari.HikariDataSource - HikariPool-1 - Starting...
2025-12-11 09:35:04.094 [http-nio-8080-exec-2] INFO  com.zaxxer.hikari.pool.HikariPool - HikariPool-1 - Added connection com.mysql.cj.jdbc.ConnectionImpl@45b7051a
2025-12-11 09:35:04.098 [http-nio-8080-exec-2] INFO  com.zaxxer.hikari.HikariDataSource - HikariPool-1 - Start completed.
2025-12-11 09:35:04.327 [http-nio-8080-exec-2] INFO  com.example.interceptor.TokenIntercoptor - 拦截请求---postHandle
2025-12-11 09:35:04.327 [http-nio-8080-exec-2] INFO  com.example.interceptor.TokenIntercoptor - 拦截请求---afterCompletion
2025-12-11 09:35:04.333 [http-nio-8080-exec-1] INFO  com.example.interceptor.TokenIntercoptor - 拦截请求---postHandle
2025-12-11 09:35:04.333 [http-nio-8080-exec-1] INFO  com.example.interceptor.TokenIntercoptor - 拦截请求---afterCompletion
2025-12-11 09:35:04.937 [http-nio-8080-exec-6] INFO  com.example.interceptor.TokenIntercoptor - 拦截请求---preHandle
2025-12-11 09:35:04.937 [http-nio-8080-exec-4] INFO  com.example.interceptor.TokenIntercoptor - 拦截请求---preHandle
2025-12-11 09:35:04.937 [http-nio-8080-exec-4] INFO  com.example.controller.ClazzController - 查询全部班级列表
2025-12-11 09:35:04.942 [http-nio-8080-exec-6] INFO  com.example.controller.StudentController - 分页查询学生信息, StuQueryParm(name=, degree=null, clazzId=null, page=1, pageSize=10)
2025-12-11 09:35:04.943 [http-nio-8080-exec-6] INFO  com.example.service.impl.StudentServiceimpl - 查询全部班级信息: StuQueryParm(name=, degree=null, clazzId=null, page=1, pageSize=10)
2025-12-11 09:35:04.948 [http-nio-8080-exec-4] INFO  com.example.interceptor.TokenIntercoptor - 拦截请求---postHandle
2025-12-11 09:35:04.950 [http-nio-8080-exec-4] INFO  com.example.interceptor.TokenIntercoptor - 拦截请求---afterCompletion
2025-12-11 09:35:04.981 [http-nio-8080-exec-6] INFO  com.example.interceptor.TokenIntercoptor - 拦截请求---postHandle
2025-12-11 09:35:04.981 [http-nio-8080-exec-6] INFO  com.example.interceptor.TokenIntercoptor - 拦截请求---afterCompletion
2025-12-11 09:35:06.091 [http-nio-8080-exec-5] INFO  com.example.interceptor.TokenIntercoptor - 拦截请求---preHandle
2025-12-11 09:35:06.093 [http-nio-8080-exec-5] INFO  com.example.controller.DeptController - 查询全部部门信息
2025-12-11 09:35:06.102 [http-nio-8080-exec-5] INFO  com.example.interceptor.TokenIntercoptor - 拦截请求---postHandle
2025-12-11 09:35:06.102 [http-nio-8080-exec-5] INFO  com.example.interceptor.TokenIntercoptor - 拦截请求---afterCompletion
2025-12-11 09:35:06.573 [http-nio-8080-exec-3] INFO  com.example.interceptor.TokenIntercoptor - 拦截请求---preHandle
2025-12-11 09:35:06.579 [http-nio-8080-exec-3] INFO  com.example.controller.EmpController - 查询全部员工信息, EmpQueryParam(page=1, pageSize=10, name=, gender=null, begin=null, end=null)
2025-12-11 09:35:06.589 [http-nio-8080-exec-7] INFO  com.example.interceptor.TokenIntercoptor - 拦截请求---preHandle
2025-12-11 09:35:06.591 [http-nio-8080-exec-7] INFO  com.example.controller.DeptController - 查询全部部门信息
2025-12-11 09:35:06.610 [http-nio-8080-exec-3] INFO  com.example.interceptor.TokenIntercoptor - 拦截请求---postHandle
2025-12-11 09:35:06.611 [http-nio-8080-exec-3] INFO  com.example.interceptor.TokenIntercoptor - 拦截请求---afterCompletion
2025-12-11 09:35:06.611 [http-nio-8080-exec-7] INFO  com.example.interceptor.TokenIntercoptor - 拦截请求---postHandle
2025-12-11 09:35:06.611 [http-nio-8080-exec-7] INFO  com.example.interceptor.TokenIntercoptor - 拦截请求---afterCompletion
2025-12-11 09:35:07.411 [http-nio-8080-exec-9] INFO  com.example.interceptor.TokenIntercoptor - 拦截请求---preHandle
2025-12-11 09:35:07.412 [http-nio-8080-exec-9] INFO  com.example.controller.ReportController - 统计各个职位的员工人数
2025-12-11 09:35:07.425 [http-nio-8080-exec-9] INFO  com.example.interceptor.TokenIntercoptor - 拦截请求---postHandle
2025-12-11 09:35:07.426 [http-nio-8080-exec-9] INFO  com.example.interceptor.TokenIntercoptor - 拦截请求---afterCompletion
2025-12-11 09:35:07.428 [http-nio-8080-exec-9] INFO  com.example.interceptor.TokenIntercoptor - 拦截请求---preHandle
2025-12-11 09:35:07.429 [http-nio-8080-exec-9] INFO  com.example.controller.ReportController - 统计员工性别数据
2025-12-11 09:35:07.439 [http-nio-8080-exec-9] INFO  com.example.interceptor.TokenIntercoptor - 拦截请求---postHandle
2025-12-11 09:35:07.439 [http-nio-8080-exec-9] INFO  com.example.interceptor.TokenIntercoptor - 拦截请求---afterCompletion
2025-12-11 09:35:07.880 [http-nio-8080-exec-10] INFO  com.example.interceptor.TokenIntercoptor - 拦截请求---preHandle
2025-12-11 09:35:07.882 [http-nio-8080-exec-10] INFO  com.example.controller.ReportController - 统计班级学生数据
2025-12-11 09:35:07.886 [http-nio-8080-exec-2] INFO  com.example.interceptor.TokenIntercoptor - 拦截请求---preHandle
2025-12-11 09:35:07.890 [http-nio-8080-exec-2] INFO  com.example.controller.ReportController - 统计学生学历数据
2025-12-11 09:35:07.896 [http-nio-8080-exec-10] INFO  com.example.interceptor.TokenIntercoptor - 拦截请求---postHandle
2025-12-11 09:35:07.896 [http-nio-8080-exec-10] INFO  com.example.interceptor.TokenIntercoptor - 拦截请求---afterCompletion
2025-12-11 09:35:07.897 [http-nio-8080-exec-2] INFO  com.example.interceptor.TokenIntercoptor - 拦截请求---postHandle
2025-12-11 09:35:07.897 [http-nio-8080-exec-2] INFO  com.example.interceptor.TokenIntercoptor - 拦截请求---afterCompletion
2025-12-11 09:45:57.033 [main] INFO  com.example.LogTest - 计算结果为: 101
2025-12-11 09:45:57.034 [main] ERROR com.example.LogTest - 错误信息...
2025-12-11 09:45:57.035 [main] WARN  com.example.LogTest - 警告信息...
2025-12-11 09:45:57.159 [main] INFO  o.s.t.c.support.AnnotationConfigContextLoaderUtils - Could not detect default configuration classes for test class [com.example.TalisWebManagementApplicationTests]: TalisWebManagementApplicationTests does not declare any static, non-private, non-final, nested classes annotated with @Configuration.
2025-12-11 09:45:57.301 [main] INFO  o.s.b.t.context.SpringBootTestContextBootstrapper - Found @SpringBootConfiguration com.example.TalisWebManagementApplication for test class com.example.TalisWebManagementApplicationTests
2025-12-11 09:45:57.923 [main] INFO  com.example.TalisWebManagementApplicationTests - Starting TalisWebManagementApplicationTests using Java 21.0.8 with PID 7012 (started by sun in D:\Code\Java_Code\Java_Web02\Talis-web-management)
2025-12-11 09:45:57.924 [main] INFO  com.example.TalisWebManagementApplicationTests - No active profile set, falling back to 1 default profile: "default"
2025-12-11 09:46:00.717 [main] INFO  com.example.TalisWebManagementApplicationTests - Started TalisWebManagementApplicationTests in 3.211 seconds (process running for 5.139)
2025-12-11 09:54:32.073 [http-nio-8080-exec-4] INFO  com.example.interceptor.TokenIntercoptor - 拦截请求---preHandle
2025-12-11 09:54:32.073 [http-nio-8080-exec-1] INFO  com.example.interceptor.TokenIntercoptor - 拦截请求---preHandle
2025-12-11 09:54:32.074 [http-nio-8080-exec-4] INFO  com.example.controller.ReportController - 统计学生学历数据
2025-12-11 09:54:32.074 [http-nio-8080-exec-1] INFO  com.example.controller.ReportController - 统计班级学生数据
2025-12-11 09:54:32.080 [http-nio-8080-exec-1] INFO  com.example.interceptor.TokenIntercoptor - 拦截请求---postHandle
2025-12-11 09:54:32.080 [http-nio-8080-exec-4] INFO  com.example.interceptor.TokenIntercoptor - 拦截请求---postHandle
2025-12-11 09:54:32.080 [http-nio-8080-exec-1] INFO  com.example.interceptor.TokenIntercoptor - 拦截请求---afterCompletion
2025-12-11 09:54:32.080 [http-nio-8080-exec-4] INFO  com.example.interceptor.TokenIntercoptor - 拦截请求---afterCompletion
2025-12-11 09:54:34.058 [http-nio-8080-exec-6] INFO  com.example.interceptor.TokenIntercoptor - 拦截请求---preHandle
2025-12-11 09:54:34.058 [http-nio-8080-exec-5] INFO  com.example.interceptor.TokenIntercoptor - 拦截请求---preHandle
2025-12-11 09:54:34.058 [http-nio-8080-exec-5] INFO  com.example.controller.EmpController - 查询员工列表
2025-12-11 09:54:34.058 [http-nio-8080-exec-6] INFO  com.example.controller.ClazzController - 查询全部班级信息
2025-12-11 09:54:34.058 [http-nio-8080-exec-6] INFO  com.example.service.impl.ClazzServiceimpl - 查询全部班级信息: ClazzQueryParam(name=, begin=null, end=null, page=1, pageSize=10)
2025-12-11 09:54:34.076 [http-nio-8080-exec-5] INFO  com.example.interceptor.TokenIntercoptor - 拦截请求---postHandle
2025-12-11 09:54:34.076 [http-nio-8080-exec-5] INFO  com.example.interceptor.TokenIntercoptor - 拦截请求---afterCompletion
2025-12-11 09:54:34.086 [http-nio-8080-exec-6] INFO  com.example.interceptor.TokenIntercoptor - 拦截请求---postHandle
2025-12-11 09:54:34.086 [http-nio-8080-exec-6] INFO  com.example.interceptor.TokenIntercoptor - 拦截请求---afterCompletion
2025-12-11 09:54:34.676 [http-nio-8080-exec-3] INFO  com.example.interceptor.TokenIntercoptor - 拦截请求---preHandle
2025-12-11 09:54:34.677 [http-nio-8080-exec-7] INFO  com.example.interceptor.TokenIntercoptor - 拦截请求---preHandle
2025-12-11 09:54:34.677 [http-nio-8080-exec-7] INFO  com.example.controller.ClazzController - 查询全部班级列表
2025-12-11 09:54:34.677 [http-nio-8080-exec-3] INFO  com.example.controller.StudentController - 分页查询学生信息, StuQueryParm(name=, degree=null, clazzId=null, page=1, pageSize=10)
2025-12-11 09:54:34.677 [http-nio-8080-exec-3] INFO  com.example.service.impl.StudentServiceimpl - 查询全部班级信息: StuQueryParm(name=, degree=null, clazzId=null, page=1, pageSize=10)
2025-12-11 09:54:34.684 [http-nio-8080-exec-7] INFO  com.example.interceptor.TokenIntercoptor - 拦截请求---postHandle
2025-12-11 09:54:34.684 [http-nio-8080-exec-7] INFO  com.example.interceptor.TokenIntercoptor - 拦截请求---afterCompletion
2025-12-11 09:54:34.689 [http-nio-8080-exec-3] INFO  com.example.interceptor.TokenIntercoptor - 拦截请求---postHandle
2025-12-11 09:54:34.689 [http-nio-8080-exec-3] INFO  com.example.interceptor.TokenIntercoptor - 拦截请求---afterCompletion
2025-12-11 09:54:38.400 [http-nio-8080-exec-8] INFO  com.example.interceptor.TokenIntercoptor - 拦截请求---preHandle
2025-12-11 09:54:38.400 [http-nio-8080-exec-8] INFO  com.example.controller.DeptController - 查询全部部门信息
2025-12-11 09:54:38.413 [http-nio-8080-exec-8] INFO  com.example.interceptor.TokenIntercoptor - 拦截请求---postHandle
2025-12-11 09:54:38.413 [http-nio-8080-exec-8] INFO  com.example.interceptor.TokenIntercoptor - 拦截请求---afterCompletion
2025-12-11 09:54:38.852 [http-nio-8080-exec-9] INFO  com.example.interceptor.TokenIntercoptor - 拦截请求---preHandle
2025-12-11 09:54:38.852 [http-nio-8080-exec-10] INFO  com.example.interceptor.TokenIntercoptor - 拦截请求---preHandle
2025-12-11 09:54:38.852 [http-nio-8080-exec-10] INFO  com.example.controller.DeptController - 查询全部部门信息
2025-12-11 09:54:38.856 [http-nio-8080-exec-9] INFO  com.example.controller.EmpController - 查询全部员工信息, EmpQueryParam(page=1, pageSize=10, name=, gender=null, begin=null, end=null)
2025-12-11 09:54:38.858 [http-nio-8080-exec-10] INFO  com.example.interceptor.TokenIntercoptor - 拦截请求---postHandle
2025-12-11 09:54:38.858 [http-nio-8080-exec-10] INFO  com.example.interceptor.TokenIntercoptor - 拦截请求---afterCompletion
2025-12-11 09:54:38.878 [http-nio-8080-exec-9] INFO  com.example.interceptor.TokenIntercoptor - 拦截请求---postHandle
2025-12-11 09:54:38.878 [http-nio-8080-exec-9] INFO  com.example.interceptor.TokenIntercoptor - 拦截请求---afterCompletion
2025-12-11 10:05:15.122 [http-nio-8080-exec-2] INFO  com.example.interceptor.TokenIntercoptor - 拦截请求---preHandle
2025-12-11 10:05:15.122 [http-nio-8080-exec-2] INFO  com.example.controller.EmpController - 查询全部员工信息, EmpQueryParam(page=3, pageSize=10, name=, gender=null, begin=null, end=null)
2025-12-11 10:05:15.136 [http-nio-8080-exec-2] INFO  com.example.interceptor.TokenIntercoptor - 拦截请求---postHandle
2025-12-11 10:05:15.136 [http-nio-8080-exec-2] INFO  com.example.interceptor.TokenIntercoptor - 拦截请求---afterCompletion
2025-12-11 10:05:16.546 [http-nio-8080-exec-1] INFO  com.example.interceptor.TokenIntercoptor - 拦截请求---preHandle
2025-12-11 10:05:16.547 [http-nio-8080-exec-1] INFO  com.example.controller.EmpController - 查询全部员工信息, EmpQueryParam(page=2, pageSize=10, name=, gender=null, begin=null, end=null)
2025-12-11 10:05:16.560 [http-nio-8080-exec-1] INFO  com.example.interceptor.TokenIntercoptor - 拦截请求---postHandle
2025-12-11 10:05:16.561 [http-nio-8080-exec-1] INFO  com.example.interceptor.TokenIntercoptor - 拦截请求---afterCompletion
2025-12-11 10:05:17.988 [http-nio-8080-exec-4] INFO  com.example.interceptor.TokenIntercoptor - 拦截请求---preHandle
2025-12-11 10:05:17.989 [http-nio-8080-exec-4] INFO  com.example.controller.EmpController - 查询全部员工信息, EmpQueryParam(page=1, pageSize=10, name=, gender=null, begin=null, end=null)
2025-12-11 10:05:17.999 [http-nio-8080-exec-4] INFO  com.example.interceptor.TokenIntercoptor - 拦截请求---postHandle
2025-12-11 10:05:17.999 [http-nio-8080-exec-4] INFO  com.example.interceptor.TokenIntercoptor - 拦截请求---afterCompletion
2025-12-11 10:05:28.581 [http-nio-8080-exec-5] INFO  com.example.interceptor.TokenIntercoptor - 拦截请求---preHandle
2025-12-11 10:05:28.584 [http-nio-8080-exec-5] INFO  com.example.controller.EmpController - 查询全部员工信息, EmpQueryParam(page=2, pageSize=10, name=, gender=null, begin=null, end=null)
2025-12-11 10:05:28.594 [http-nio-8080-exec-5] INFO  com.example.interceptor.TokenIntercoptor - 拦截请求---postHandle
2025-12-11 10:05:28.594 [http-nio-8080-exec-5] INFO  com.example.interceptor.TokenIntercoptor - 拦截请求---afterCompletion
2025-12-11 10:05:29.599 [http-nio-8080-exec-6] INFO  com.example.interceptor.TokenIntercoptor - 拦截请求---preHandle
2025-12-11 10:05:29.601 [http-nio-8080-exec-6] INFO  com.example.controller.EmpController - 查询全部员工信息, EmpQueryParam(page=3, pageSize=10, name=, gender=null, begin=null, end=null)
2025-12-11 10:05:29.612 [http-nio-8080-exec-6] INFO  com.example.interceptor.TokenIntercoptor - 拦截请求---postHandle
2025-12-11 10:05:29.612 [http-nio-8080-exec-6] INFO  com.example.interceptor.TokenIntercoptor - 拦截请求---afterCompletion
2025-12-11 10:05:36.011 [http-nio-8080-exec-3] INFO  com.example.interceptor.TokenIntercoptor - 拦截请求---preHandle
2025-12-11 10:05:36.011 [http-nio-8080-exec-3] INFO  com.example.controller.EmpController - 查询员工列表
2025-12-11 10:05:36.013 [http-nio-8080-exec-7] INFO  com.example.interceptor.TokenIntercoptor - 拦截请求---preHandle
2025-12-11 10:05:36.014 [http-nio-8080-exec-7] INFO  com.example.controller.ClazzController - 查询全部班级信息
2025-12-11 10:05:36.016 [http-nio-8080-exec-7] INFO  com.example.service.impl.ClazzServiceimpl - 查询全部班级信息: ClazzQueryParam(name=, begin=null, end=null, page=1, pageSize=10)
2025-12-11 10:05:36.040 [http-nio-8080-exec-3] INFO  com.example.interceptor.TokenIntercoptor - 拦截请求---postHandle
2025-12-11 10:05:36.041 [http-nio-8080-exec-3] INFO  com.example.interceptor.TokenIntercoptor - 拦截请求---afterCompletion
2025-12-11 10:05:36.053 [http-nio-8080-exec-7] INFO  com.example.interceptor.TokenIntercoptor - 拦截请求---postHandle
2025-12-11 10:05:36.053 [http-nio-8080-exec-7] INFO  com.example.interceptor.TokenIntercoptor - 拦截请求---afterCompletion
2025-12-11 10:05:41.861 [http-nio-8080-exec-8] INFO  com.example.interceptor.TokenIntercoptor - 拦截请求---preHandle
2025-12-11 10:05:41.861 [http-nio-8080-exec-10] INFO  com.example.interceptor.TokenIntercoptor - 拦截请求---preHandle
2025-12-11 10:05:41.862 [http-nio-8080-exec-10] INFO  com.example.controller.DeptController - 查询全部部门信息
2025-12-11 10:05:41.863 [http-nio-8080-exec-8] INFO  com.example.controller.EmpController - 查询全部员工信息, EmpQueryParam(page=1, pageSize=10, name=, gender=null, begin=null, end=null)
2025-12-11 10:05:41.867 [http-nio-8080-exec-10] INFO  com.example.interceptor.TokenIntercoptor - 拦截请求---postHandle
2025-12-11 10:05:41.867 [http-nio-8080-exec-10] INFO  com.example.interceptor.TokenIntercoptor - 拦截请求---afterCompletion
2025-12-11 10:05:41.877 [http-nio-8080-exec-8] INFO  com.example.interceptor.TokenIntercoptor - 拦截请求---postHandle
2025-12-11 10:05:41.877 [http-nio-8080-exec-8] INFO  com.example.interceptor.TokenIntercoptor - 拦截请求---afterCompletion
2025-12-11 10:05:47.611 [http-nio-8080-exec-9] INFO  com.example.interceptor.TokenIntercoptor - 拦截请求---preHandle
2025-12-11 10:05:47.611 [http-nio-8080-exec-9] INFO  com.example.controller.DeptController - 查询全部部门信息
2025-12-11 10:05:47.615 [http-nio-8080-exec-9] INFO  com.example.interceptor.TokenIntercoptor - 拦截请求---postHandle
2025-12-11 10:05:47.615 [http-nio-8080-exec-9] INFO  com.example.interceptor.TokenIntercoptor - 拦截请求---afterCompletion
2025-12-11 10:05:48.766 [http-nio-8080-exec-1] INFO  com.example.interceptor.TokenIntercoptor - 拦截请求---preHandle
2025-12-11 10:05:48.766 [http-nio-8080-exec-2] INFO  com.example.interceptor.TokenIntercoptor - 拦截请求---preHandle
2025-12-11 10:05:48.767 [http-nio-8080-exec-1] INFO  com.example.controller.EmpController - 查询员工列表
2025-12-11 10:05:48.767 [http-nio-8080-exec-2] INFO  com.example.controller.ClazzController - 查询全部班级信息
2025-12-11 10:05:48.767 [http-nio-8080-exec-2] INFO  com.example.service.impl.ClazzServiceimpl - 查询全部班级信息: ClazzQueryParam(name=, begin=null, end=null, page=1, pageSize=10)
2025-12-11 10:05:48.776 [http-nio-8080-exec-1] INFO  com.example.interceptor.TokenIntercoptor - 拦截请求---postHandle
2025-12-11 10:05:48.776 [http-nio-8080-exec-1] INFO  com.example.interceptor.TokenIntercoptor - 拦截请求---afterCompletion
2025-12-11 10:05:48.794 [http-nio-8080-exec-2] INFO  com.example.interceptor.TokenIntercoptor - 拦截请求---postHandle
2025-12-11 10:05:48.794 [http-nio-8080-exec-2] INFO  com.example.interceptor.TokenIntercoptor - 拦截请求---afterCompletion
2025-12-11 10:05:53.979 [http-nio-8080-exec-4] INFO  com.example.interceptor.TokenIntercoptor - 拦截请求---preHandle
2025-12-11 10:05:53.979 [http-nio-8080-exec-5] INFO  com.example.interceptor.TokenIntercoptor - 拦截请求---preHandle
2025-12-11 10:05:53.980 [http-nio-8080-exec-5] INFO  com.example.controller.DeptController - 查询全部部门信息
2025-12-11 10:05:53.980 [http-nio-8080-exec-4] INFO  com.example.controller.EmpController - 查询全部员工信息, EmpQueryParam(page=1, pageSize=10, name=, gender=null, begin=null, end=null)
2025-12-11 10:05:53.987 [http-nio-8080-exec-5] INFO  com.example.interceptor.TokenIntercoptor - 拦截请求---postHandle
2025-12-11 10:05:53.987 [http-nio-8080-exec-5] INFO  com.example.interceptor.TokenIntercoptor - 拦截请求---afterCompletion
2025-12-11 10:05:53.994 [http-nio-8080-exec-4] INFO  com.example.interceptor.TokenIntercoptor - 拦截请求---postHandle
2025-12-11 10:05:53.994 [http-nio-8080-exec-4] INFO  com.example.interceptor.TokenIntercoptor - 拦截请求---afterCompletion
2025-12-11 10:05:57.321 [http-nio-8080-exec-6] INFO  com.example.interceptor.TokenIntercoptor - 拦截请求---preHandle
2025-12-11 10:05:57.323 [http-nio-8080-exec-6] INFO  com.example.controller.EmpController - 查询员工id信息: 51
2025-12-11 10:05:57.343 [http-nio-8080-exec-6] INFO  com.example.interceptor.TokenIntercoptor - 拦截请求---postHandle
2025-12-11 10:05:57.343 [http-nio-8080-exec-6] INFO  com.example.interceptor.TokenIntercoptor - 拦截请求---afterCompletion
2025-12-11 10:06:08.729 [http-nio-8080-exec-3] INFO  com.example.interceptor.TokenIntercoptor - 拦截请求---preHandle
2025-12-11 10:06:08.770 [http-nio-8080-exec-3] INFO  com.example.controller.EmpController - 更新员工信息: Emp(id=51, username=linpingzhi, password=123456, name=林平之, gender=1, phone=18809091234, job=6, salary=8000, image=https://dawn-itcast.oss-cn-hangzhou.aliyuncs.com/01.png, entryDate=2022-09-18, deptId=1, createTime=2025-12-06T15:10:52, updateTime=2025-12-06T15:10:52, deptName=null, exprList=[EmpExpr(id=8, empId=51, begin=2012-07-01, end=2019-03-03, company=百度科技股份有限公司, job=java开发), EmpExpr(id=9, empId=51, begin=2019-03-15, end=2023-03-01, company=阿里巴巴科技股份有限公司, job=架构师)])
2025-12-11 10:06:08.785 [http-nio-8080-exec-3] DEBUG o.s.jdbc.support.JdbcTransactionManager - Creating new transaction with name [com.example.service.impl.EmpServiceimpl.update]: PROPAGATION_REQUIRED,ISOLATION_DEFAULT,-java.lang.Exception
2025-12-11 10:06:08.786 [http-nio-8080-exec-3] DEBUG o.s.jdbc.support.JdbcTransactionManager - Acquired Connection [HikariProxyConnection@1252836808 wrapping com.mysql.cj.jdbc.ConnectionImpl@18bbed25] for JDBC transaction
2025-12-11 10:06:08.786 [http-nio-8080-exec-3] DEBUG o.s.jdbc.support.JdbcTransactionManager - Switching JDBC Connection [HikariProxyConnection@1252836808 wrapping com.mysql.cj.jdbc.ConnectionImpl@18bbed25] to manual commit
2025-12-11 10:06:08.832 [http-nio-8080-exec-3] DEBUG o.s.jdbc.support.JdbcTransactionManager - Initiating transaction commit
2025-12-11 10:06:08.832 [http-nio-8080-exec-3] DEBUG o.s.jdbc.support.JdbcTransactionManager - Committing JDBC transaction on Connection [HikariProxyConnection@1252836808 wrapping com.mysql.cj.jdbc.ConnectionImpl@18bbed25]
2025-12-11 10:06:08.840 [http-nio-8080-exec-3] DEBUG o.s.jdbc.support.JdbcTransactionManager - Releasing JDBC Connection [HikariProxyConnection@1252836808 wrapping com.mysql.cj.jdbc.ConnectionImpl@18bbed25] after transaction
2025-12-11 10:06:08.842 [http-nio-8080-exec-3] INFO  com.example.interceptor.TokenIntercoptor - 拦截请求---postHandle
2025-12-11 10:06:08.842 [http-nio-8080-exec-3] INFO  com.example.interceptor.TokenIntercoptor - 拦截请求---afterCompletion
2025-12-11 10:06:08.854 [http-nio-8080-exec-7] INFO  com.example.interceptor.TokenIntercoptor - 拦截请求---preHandle
2025-12-11 10:06:08.855 [http-nio-8080-exec-7] INFO  com.example.controller.EmpController - 查询全部员工信息, EmpQueryParam(page=1, pageSize=10, name=, gender=null, begin=null, end=null)
2025-12-11 10:06:08.867 [http-nio-8080-exec-7] INFO  com.example.interceptor.TokenIntercoptor - 拦截请求---postHandle
2025-12-11 10:06:08.867 [http-nio-8080-exec-7] INFO  com.example.interceptor.TokenIntercoptor - 拦截请求---afterCompletion
2025-12-11 10:06:13.926 [http-nio-8080-exec-8] INFO  com.example.interceptor.TokenIntercoptor - 拦截请求---preHandle
2025-12-11 10:06:13.926 [http-nio-8080-exec-10] INFO  com.example.interceptor.TokenIntercoptor - 拦截请求---preHandle
2025-12-11 10:06:13.926 [http-nio-8080-exec-8] INFO  com.example.controller.EmpController - 查询员工列表
2025-12-11 10:06:13.928 [http-nio-8080-exec-10] INFO  com.example.controller.ClazzController - 查询全部班级信息
2025-12-11 10:06:13.928 [http-nio-8080-exec-10] INFO  com.example.service.impl.ClazzServiceimpl - 查询全部班级信息: ClazzQueryParam(name=, begin=null, end=null, page=1, pageSize=10)
2025-12-11 10:06:13.934 [http-nio-8080-exec-8] INFO  com.example.interceptor.TokenIntercoptor - 拦截请求---postHandle
2025-12-11 10:06:13.934 [http-nio-8080-exec-8] INFO  com.example.interceptor.TokenIntercoptor - 拦截请求---afterCompletion
2025-12-11 10:06:13.969 [http-nio-8080-exec-10] INFO  com.example.interceptor.TokenIntercoptor - 拦截请求---postHandle
2025-12-11 10:06:13.969 [http-nio-8080-exec-10] INFO  com.example.interceptor.TokenIntercoptor - 拦截请求---afterCompletion
2025-12-11 10:13:30.261 [http-nio-8080-exec-1] INFO  com.example.interceptor.TokenIntercoptor - 拦截请求---preHandle
2025-12-11 10:13:30.261 [http-nio-8080-exec-9] INFO  com.example.interceptor.TokenIntercoptor - 拦截请求---preHandle
2025-12-11 10:13:30.261 [http-nio-8080-exec-1] INFO  com.example.controller.ClazzController - 查询全部班级列表
2025-12-11 10:13:30.261 [http-nio-8080-exec-9] INFO  com.example.controller.StudentController - 分页查询学生信息, StuQueryParm(name=, degree=null, clazzId=null, page=1, pageSize=10)
2025-12-11 10:13:30.261 [http-nio-8080-exec-9] INFO  com.example.service.impl.StudentServiceimpl - 查询全部班级信息: StuQueryParm(name=, degree=null, clazzId=null, page=1, pageSize=10)
2025-12-11 10:13:30.261 [http-nio-8080-exec-1] INFO  com.example.interceptor.TokenIntercoptor - 拦截请求---postHandle
2025-12-11 10:13:30.261 [http-nio-8080-exec-1] INFO  com.example.interceptor.TokenIntercoptor - 拦截请求---afterCompletion
2025-12-11 10:13:30.270 [http-nio-8080-exec-9] INFO  com.example.interceptor.TokenIntercoptor - 拦截请求---postHandle
2025-12-11 10:13:30.270 [http-nio-8080-exec-9] INFO  com.example.interceptor.TokenIntercoptor - 拦截请求---afterCompletion
2025-12-11 10:13:30.873 [http-nio-8080-exec-2] INFO  com.example.interceptor.TokenIntercoptor - 拦截请求---preHandle
2025-12-11 10:13:30.874 [http-nio-8080-exec-2] INFO  com.example.controller.ClazzController - 查询全部班级信息
2025-12-11 10:13:30.874 [http-nio-8080-exec-2] INFO  com.example.service.impl.ClazzServiceimpl - 查询全部班级信息: ClazzQueryParam(name=, begin=null, end=null, page=1, pageSize=10)
2025-12-11 10:13:30.874 [http-nio-8080-exec-5] INFO  com.example.interceptor.TokenIntercoptor - 拦截请求---preHandle
2025-12-11 10:13:30.874 [http-nio-8080-exec-5] INFO  com.example.controller.EmpController - 查询员工列表
2025-12-11 10:13:30.884 [http-nio-8080-exec-5] INFO  com.example.interceptor.TokenIntercoptor - 拦截请求---postHandle
2025-12-11 10:13:30.884 [http-nio-8080-exec-5] INFO  com.example.interceptor.TokenIntercoptor - 拦截请求---afterCompletion
2025-12-11 10:13:30.900 [http-nio-8080-exec-2] INFO  com.example.interceptor.TokenIntercoptor - 拦截请求---postHandle
2025-12-11 10:13:30.900 [http-nio-8080-exec-2] INFO  com.example.interceptor.TokenIntercoptor - 拦截请求---afterCompletion
2025-12-11 11:05:53.163 [SpringApplicationShutdownHook] INFO  o.s.boot.web.embedded.tomcat.GracefulShutdown - Commencing graceful shutdown. Waiting for active requests to complete
2025-12-11 11:05:53.179 [tomcat-shutdown] INFO  o.s.boot.web.embedded.tomcat.GracefulShutdown - Graceful shutdown complete
2025-12-11 11:05:53.191 [SpringApplicationShutdownHook] INFO  com.zaxxer.hikari.HikariDataSource - HikariPool-1 - Shutdown initiated...
2025-12-11 11:05:53.199 [SpringApplicationShutdownHook] INFO  com.zaxxer.hikari.HikariDataSource - HikariPool-1 - Shutdown completed.
