2025-12-05 15:12:51.696 [SpringApplicationShutdownHook] INFO  o.s.boot.web.embedded.tomcat.GracefulShutdown - Commencing graceful shutdown. Waiting for active requests to complete
2025-12-05 15:12:51.705 [tomcat-shutdown] INFO  o.s.boot.web.embedded.tomcat.GracefulShutdown - Graceful shutdown complete
2025-12-05 15:12:51.709 [SpringApplicationShutdownHook] INFO  com.zaxxer.hikari.HikariDataSource - HikariPool-1 - Shutdown initiated...
2025-12-05 15:12:51.717 [SpringApplicationShutdownHook] INFO  com.zaxxer.hikari.HikariDataSource - HikariPool-1 - Shutdown completed.
2025-12-05 15:12:54.428 [main] INFO  com.example.TalisWebManagementApplication - Starting TalisWebManagementApplication using Java 21.0.8 with PID 34724 (D:\Code\Java_Code\Java_Web02\Talis-web-management\target\classes started by sun in D:\Code\Java_Code\Java_Web02)
2025-12-05 15:12:54.430 [main] INFO  com.example.TalisWebManagementApplication - No active profile set, falling back to 1 default profile: "default"
2025-12-05 15:12:55.588 [main] INFO  o.s.boot.web.embedded.tomcat.TomcatWebServer - Tomcat initialized with port 8080 (http)
2025-12-05 15:12:55.608 [main] INFO  org.apache.coyote.http11.Http11NioProtocol - Initializing ProtocolHandler ["http-nio-8080"]
2025-12-05 15:12:55.611 [main] INFO  org.apache.catalina.core.StandardService - Starting service [Tomcat]
2025-12-05 15:12:55.611 [main] INFO  org.apache.catalina.core.StandardEngine - Starting Servlet engine: [Apache Tomcat/10.1.49]
2025-12-05 15:12:55.693 [main] INFO  o.a.c.core.ContainerBase.[Tomcat].[localhost].[/] - Initializing Spring embedded WebApplicationContext
2025-12-05 15:12:55.693 [main] INFO  o.s.b.w.s.c.ServletWebServerApplicationContext - Root WebApplicationContext: initialization completed in 1215 ms
2025-12-05 15:12:56.374 [main] INFO  org.apache.coyote.http11.Http11NioProtocol - Starting ProtocolHandler ["http-nio-8080"]
2025-12-05 15:12:56.405 [main] INFO  o.s.boot.web.embedded.tomcat.TomcatWebServer - Tomcat started on port 8080 (http) with context path '/'
2025-12-05 15:12:56.414 [main] INFO  com.example.TalisWebManagementApplication - Started TalisWebManagementApplication in 2.534 seconds (process running for 3.647)
2025-12-05 15:13:01.798 [http-nio-8080-exec-1] INFO  o.a.c.core.ContainerBase.[Tomcat].[localhost].[/] - Initializing Spring DispatcherServlet 'dispatcherServlet'
2025-12-05 15:13:01.798 [http-nio-8080-exec-1] INFO  org.springframework.web.servlet.DispatcherServlet - Initializing Servlet 'dispatcherServlet'
2025-12-05 15:13:01.799 [http-nio-8080-exec-1] INFO  org.springframework.web.servlet.DispatcherServlet - Completed initialization in 1 ms
2025-12-05 15:13:01.857 [http-nio-8080-exec-1] INFO  com.example.controller.DeptController - 查询全部部门信息
2025-12-05 15:13:01.887 [http-nio-8080-exec-1] INFO  com.zaxxer.hikari.HikariDataSource - HikariPool-1 - Starting...
2025-12-05 15:13:02.436 [http-nio-8080-exec-1] INFO  com.zaxxer.hikari.pool.HikariPool - HikariPool-1 - Added connection com.mysql.cj.jdbc.ConnectionImpl@617d6cf9
2025-12-05 15:13:02.440 [http-nio-8080-exec-1] INFO  com.zaxxer.hikari.HikariDataSource - HikariPool-1 - Start completed.
2025-12-05 15:13:22.250 [SpringApplicationShutdownHook] INFO  o.s.boot.web.embedded.tomcat.GracefulShutdown - Commencing graceful shutdown. Waiting for active requests to complete
2025-12-05 15:13:22.259 [tomcat-shutdown] INFO  o.s.boot.web.embedded.tomcat.GracefulShutdown - Graceful shutdown complete
2025-12-05 15:13:22.263 [SpringApplicationShutdownHook] INFO  com.zaxxer.hikari.HikariDataSource - HikariPool-1 - Shutdown initiated...
2025-12-05 15:13:22.270 [SpringApplicationShutdownHook] INFO  com.zaxxer.hikari.HikariDataSource - HikariPool-1 - Shutdown completed.
2025-12-05 21:58:30.644 [main] INFO  com.example.TalisWebManagementApplication - Starting TalisWebManagementApplication using Java 21.0.8 with PID 34376 (D:\Code\Java_Code\Java_Web02\Talis-web-management\target\classes started by sun in D:\Code\Java_Code\Java_Web02)
2025-12-05 21:58:30.646 [main] INFO  com.example.TalisWebManagementApplication - No active profile set, falling back to 1 default profile: "default"
2025-12-05 21:58:31.798 [main] INFO  o.s.boot.web.embedded.tomcat.TomcatWebServer - Tomcat initialized with port 8080 (http)
2025-12-05 21:58:31.815 [main] INFO  org.apache.coyote.http11.Http11NioProtocol - Initializing ProtocolHandler ["http-nio-8080"]
2025-12-05 21:58:31.817 [main] INFO  org.apache.catalina.core.StandardService - Starting service [Tomcat]
2025-12-05 21:58:31.817 [main] INFO  org.apache.catalina.core.StandardEngine - Starting Servlet engine: [Apache Tomcat/10.1.49]
2025-12-05 21:58:31.891 [main] INFO  o.a.c.core.ContainerBase.[Tomcat].[localhost].[/] - Initializing Spring embedded WebApplicationContext
2025-12-05 21:58:31.892 [main] INFO  o.s.b.w.s.c.ServletWebServerApplicationContext - Root WebApplicationContext: initialization completed in 1194 ms
2025-12-05 21:58:32.571 [main] INFO  org.apache.coyote.http11.Http11NioProtocol - Starting ProtocolHandler ["http-nio-8080"]
2025-12-05 21:58:32.594 [main] INFO  o.s.boot.web.embedded.tomcat.TomcatWebServer - Tomcat started on port 8080 (http) with context path '/'
2025-12-05 21:58:32.602 [main] INFO  com.example.TalisWebManagementApplication - Started TalisWebManagementApplication in 2.496 seconds (process running for 4.338)
2025-12-05 21:58:52.763 [http-nio-8080-exec-4] INFO  o.a.c.core.ContainerBase.[Tomcat].[localhost].[/] - Initializing Spring DispatcherServlet 'dispatcherServlet'
2025-12-05 21:58:52.763 [http-nio-8080-exec-4] INFO  org.springframework.web.servlet.DispatcherServlet - Initializing Servlet 'dispatcherServlet'
2025-12-05 21:58:52.765 [http-nio-8080-exec-4] INFO  org.springframework.web.servlet.DispatcherServlet - Completed initialization in 2 ms
2025-12-05 22:01:31.864 [SpringApplicationShutdownHook] INFO  o.s.boot.web.embedded.tomcat.GracefulShutdown - Commencing graceful shutdown. Waiting for active requests to complete
2025-12-05 22:01:31.876 [tomcat-shutdown] INFO  o.s.boot.web.embedded.tomcat.GracefulShutdown - Graceful shutdown complete
2025-12-05 22:01:37.222 [main] INFO  com.example.TalisWebManagementApplication - Starting TalisWebManagementApplication using Java 21.0.8 with PID 21444 (D:\Code\Java_Code\Java_Web02\Talis-web-management\target\classes started by sun in D:\Code\Java_Code\Java_Web02)
2025-12-05 22:01:37.224 [main] INFO  com.example.TalisWebManagementApplication - No active profile set, falling back to 1 default profile: "default"
2025-12-05 22:01:38.251 [main] INFO  o.s.boot.web.embedded.tomcat.TomcatWebServer - Tomcat initialized with port 8080 (http)
2025-12-05 22:01:38.267 [main] INFO  org.apache.coyote.http11.Http11NioProtocol - Initializing ProtocolHandler ["http-nio-8080"]
2025-12-05 22:01:38.269 [main] INFO  org.apache.catalina.core.StandardService - Starting service [Tomcat]
2025-12-05 22:01:38.269 [main] INFO  org.apache.catalina.core.StandardEngine - Starting Servlet engine: [Apache Tomcat/10.1.49]
2025-12-05 22:01:38.340 [main] INFO  o.a.c.core.ContainerBase.[Tomcat].[localhost].[/] - Initializing Spring embedded WebApplicationContext
2025-12-05 22:01:38.340 [main] INFO  o.s.b.w.s.c.ServletWebServerApplicationContext - Root WebApplicationContext: initialization completed in 1073 ms
2025-12-05 22:01:38.968 [main] INFO  org.apache.coyote.http11.Http11NioProtocol - Starting ProtocolHandler ["http-nio-8080"]
2025-12-05 22:01:38.997 [main] INFO  o.s.boot.web.embedded.tomcat.TomcatWebServer - Tomcat started on port 8080 (http) with context path '/'
2025-12-05 22:01:39.007 [main] INFO  com.example.TalisWebManagementApplication - Started TalisWebManagementApplication in 2.314 seconds (process running for 3.525)
2025-12-05 22:01:41.739 [http-nio-8080-exec-1] INFO  o.a.c.core.ContainerBase.[Tomcat].[localhost].[/] - Initializing Spring DispatcherServlet 'dispatcherServlet'
2025-12-05 22:01:41.740 [http-nio-8080-exec-1] INFO  org.springframework.web.servlet.DispatcherServlet - Initializing Servlet 'dispatcherServlet'
2025-12-05 22:01:41.740 [http-nio-8080-exec-1] INFO  org.springframework.web.servlet.DispatcherServlet - Completed initialization in 0 ms
2025-12-05 22:01:41.804 [http-nio-8080-exec-1] INFO  com.example.controller.EmpController - 查询全部员工信息, page: null, pageSize: 5
2025-12-05 22:01:57.360 [http-nio-8080-exec-3] INFO  com.example.controller.EmpController - 查询全部员工信息, page: 1, pageSize: 5
2025-12-05 22:21:46.464 [SpringApplicationShutdownHook] INFO  o.s.boot.web.embedded.tomcat.GracefulShutdown - Commencing graceful shutdown. Waiting for active requests to complete
2025-12-05 22:21:46.496 [tomcat-shutdown] INFO  o.s.boot.web.embedded.tomcat.GracefulShutdown - Graceful shutdown complete
2025-12-05 22:21:52.346 [main] INFO  com.example.TalisWebManagementApplication - Starting TalisWebManagementApplication using Java 21.0.8 with PID 34984 (D:\Code\Java_Code\Java_Web02\Talis-web-management\target\classes started by sun in D:\Code\Java_Code\Java_Web02)
2025-12-05 22:21:52.348 [main] INFO  com.example.TalisWebManagementApplication - No active profile set, falling back to 1 default profile: "default"
2025-12-05 22:21:53.468 [main] INFO  o.s.boot.web.embedded.tomcat.TomcatWebServer - Tomcat initialized with port 8080 (http)
2025-12-05 22:21:53.486 [main] INFO  org.apache.coyote.http11.Http11NioProtocol - Initializing ProtocolHandler ["http-nio-8080"]
2025-12-05 22:21:53.489 [main] INFO  org.apache.catalina.core.StandardService - Starting service [Tomcat]
2025-12-05 22:21:53.489 [main] INFO  org.apache.catalina.core.StandardEngine - Starting Servlet engine: [Apache Tomcat/10.1.49]
2025-12-05 22:21:53.582 [main] INFO  o.a.c.core.ContainerBase.[Tomcat].[localhost].[/] - Initializing Spring embedded WebApplicationContext
2025-12-05 22:21:53.582 [main] INFO  o.s.b.w.s.c.ServletWebServerApplicationContext - Root WebApplicationContext: initialization completed in 1191 ms
2025-12-05 22:21:54.221 [main] INFO  org.apache.coyote.http11.Http11NioProtocol - Starting ProtocolHandler ["http-nio-8080"]
2025-12-05 22:21:54.246 [main] INFO  o.s.boot.web.embedded.tomcat.TomcatWebServer - Tomcat started on port 8080 (http) with context path '/'
2025-12-05 22:21:54.255 [main] INFO  com.example.TalisWebManagementApplication - Started TalisWebManagementApplication in 2.403 seconds (process running for 3.712)
2025-12-05 22:22:01.025 [http-nio-8080-exec-1] INFO  o.a.c.core.ContainerBase.[Tomcat].[localhost].[/] - Initializing Spring DispatcherServlet 'dispatcherServlet'
2025-12-05 22:22:01.025 [http-nio-8080-exec-1] INFO  org.springframework.web.servlet.DispatcherServlet - Initializing Servlet 'dispatcherServlet'
2025-12-05 22:22:01.026 [http-nio-8080-exec-1] INFO  org.springframework.web.servlet.DispatcherServlet - Completed initialization in 1 ms
2025-12-05 22:22:01.094 [http-nio-8080-exec-1] INFO  com.example.controller.EmpController - 查询全部员工信息, page: 1, pageSize: 5
2025-12-05 22:22:01.125 [http-nio-8080-exec-1] INFO  com.zaxxer.hikari.HikariDataSource - HikariPool-1 - Starting...
2025-12-05 22:22:01.774 [http-nio-8080-exec-1] INFO  com.zaxxer.hikari.pool.HikariPool - HikariPool-1 - Added connection com.mysql.cj.jdbc.ConnectionImpl@6af5c93f
2025-12-05 22:22:01.779 [http-nio-8080-exec-1] INFO  com.zaxxer.hikari.HikariDataSource - HikariPool-1 - Start completed.
2025-12-05 22:23:00.698 [http-nio-8080-exec-3] INFO  com.example.controller.EmpController - 查询全部员工信息, page: 2, pageSize: 5
2025-12-05 22:26:54.107 [http-nio-8080-exec-10] INFO  com.example.controller.EmpController - 查询全部员工信息, page: 1, pageSize: 10
2025-12-05 23:18:56.024 [SpringApplicationShutdownHook] INFO  o.s.boot.web.embedded.tomcat.GracefulShutdown - Commencing graceful shutdown. Waiting for active requests to complete
2025-12-05 23:18:56.044 [tomcat-shutdown] INFO  o.s.boot.web.embedded.tomcat.GracefulShutdown - Graceful shutdown complete
2025-12-05 23:18:56.059 [SpringApplicationShutdownHook] INFO  com.zaxxer.hikari.HikariDataSource - HikariPool-1 - Shutdown initiated...
2025-12-05 23:18:56.076 [SpringApplicationShutdownHook] INFO  com.zaxxer.hikari.HikariDataSource - HikariPool-1 - Shutdown completed.
2025-12-05 23:19:02.566 [main] INFO  com.example.TalisWebManagementApplication - Starting TalisWebManagementApplication using Java 21.0.8 with PID 21824 (D:\Code\Java_Code\Java_Web02\Talis-web-management\target\classes started by sun in D:\Code\Java_Code\Java_Web02)
2025-12-05 23:19:02.568 [main] INFO  com.example.TalisWebManagementApplication - No active profile set, falling back to 1 default profile: "default"
2025-12-05 23:19:03.809 [main] INFO  o.s.boot.web.embedded.tomcat.TomcatWebServer - Tomcat initialized with port 8080 (http)
2025-12-05 23:19:03.830 [main] INFO  org.apache.coyote.http11.Http11NioProtocol - Initializing ProtocolHandler ["http-nio-8080"]
2025-12-05 23:19:03.833 [main] INFO  org.apache.catalina.core.StandardService - Starting service [Tomcat]
2025-12-05 23:19:03.833 [main] INFO  org.apache.catalina.core.StandardEngine - Starting Servlet engine: [Apache Tomcat/10.1.49]
2025-12-05 23:19:03.938 [main] INFO  o.a.c.core.ContainerBase.[Tomcat].[localhost].[/] - Initializing Spring embedded WebApplicationContext
2025-12-05 23:19:03.938 [main] INFO  o.s.b.w.s.c.ServletWebServerApplicationContext - Root WebApplicationContext: initialization completed in 1314 ms
2025-12-05 23:19:04.666 [main] INFO  o.s.boot.web.embedded.tomcat.TomcatWebServer - Tomcat started on port 8080 (http) with context path '/'
2025-12-05 23:19:04.674 [main] INFO  com.example.TalisWebManagementApplication - Started TalisWebManagementApplication in 2.682 seconds (process running for 4.209)
2025-12-05 23:19:04.676 [SpringApplicationShutdownHook] INFO  o.s.boot.web.embedded.tomcat.GracefulShutdown - Commencing graceful shutdown. Waiting for active requests to complete
2025-12-05 23:19:04.690 [tomcat-shutdown] INFO  o.s.boot.web.embedded.tomcat.GracefulShutdown - Graceful shutdown complete
2025-12-05 23:19:54.985 [main] INFO  com.example.TalisWebManagementApplication - Starting TalisWebManagementApplication using Java 21.0.8 with PID 33988 (D:\Code\Java_Code\Java_Web02\Talis-web-management\target\classes started by sun in D:\Code\Java_Code\Java_Web02)
2025-12-05 23:19:54.987 [main] INFO  com.example.TalisWebManagementApplication - No active profile set, falling back to 1 default profile: "default"
2025-12-05 23:19:56.153 [main] INFO  o.s.boot.web.embedded.tomcat.TomcatWebServer - Tomcat initialized with port 8080 (http)
2025-12-05 23:19:56.169 [main] INFO  org.apache.coyote.http11.Http11NioProtocol - Initializing ProtocolHandler ["http-nio-8080"]
2025-12-05 23:19:56.173 [main] INFO  org.apache.catalina.core.StandardService - Starting service [Tomcat]
2025-12-05 23:19:56.173 [main] INFO  org.apache.catalina.core.StandardEngine - Starting Servlet engine: [Apache Tomcat/10.1.49]
2025-12-05 23:19:56.245 [main] INFO  o.a.c.core.ContainerBase.[Tomcat].[localhost].[/] - Initializing Spring embedded WebApplicationContext
2025-12-05 23:19:56.246 [main] INFO  o.s.b.w.s.c.ServletWebServerApplicationContext - Root WebApplicationContext: initialization completed in 1197 ms
2025-12-05 23:19:56.862 [main] INFO  org.apache.coyote.http11.Http11NioProtocol - Starting ProtocolHandler ["http-nio-8080"]
2025-12-05 23:19:56.886 [main] INFO  o.s.boot.web.embedded.tomcat.TomcatWebServer - Tomcat started on port 8080 (http) with context path '/'
2025-12-05 23:19:56.894 [main] INFO  com.example.TalisWebManagementApplication - Started TalisWebManagementApplication in 2.51 seconds (process running for 3.684)
2025-12-05 23:20:19.277 [http-nio-8080-exec-2] INFO  o.a.c.core.ContainerBase.[Tomcat].[localhost].[/] - Initializing Spring DispatcherServlet 'dispatcherServlet'
2025-12-05 23:20:19.277 [http-nio-8080-exec-2] INFO  org.springframework.web.servlet.DispatcherServlet - Initializing Servlet 'dispatcherServlet'
2025-12-05 23:20:19.278 [http-nio-8080-exec-2] INFO  org.springframework.web.servlet.DispatcherServlet - Completed initialization in 1 ms
2025-12-05 23:20:19.356 [http-nio-8080-exec-2] INFO  com.example.controller.EmpController - 查询全部员工信息, page: 1, pageSize: 10
2025-12-05 23:20:19.392 [http-nio-8080-exec-2] INFO  com.zaxxer.hikari.HikariDataSource - HikariPool-1 - Starting...
2025-12-05 23:20:20.115 [http-nio-8080-exec-2] INFO  com.zaxxer.hikari.pool.HikariPool - HikariPool-1 - Added connection com.mysql.cj.jdbc.ConnectionImpl@10300c1c
2025-12-05 23:20:20.121 [http-nio-8080-exec-2] INFO  com.zaxxer.hikari.HikariDataSource - HikariPool-1 - Start completed.
2025-12-05 23:20:59.554 [SpringApplicationShutdownHook] INFO  o.s.boot.web.embedded.tomcat.GracefulShutdown - Commencing graceful shutdown. Waiting for active requests to complete
2025-12-05 23:20:59.566 [tomcat-shutdown] INFO  o.s.boot.web.embedded.tomcat.GracefulShutdown - Graceful shutdown complete
2025-12-05 23:20:59.570 [SpringApplicationShutdownHook] INFO  com.zaxxer.hikari.HikariDataSource - HikariPool-1 - Shutdown initiated...
2025-12-05 23:20:59.579 [SpringApplicationShutdownHook] INFO  com.zaxxer.hikari.HikariDataSource - HikariPool-1 - Shutdown completed.
